INFO-FLOW: Workspace /home/pyuva001/R-Tree-Testbed/build/src/krnl_prj/solution1 opened at Thu Feb 13 17:00:29 PST 2025
Execute       send_msg_by_id INFO @200-1505@%s%s default  vivado 
INFO: [HLS 200-1505] Using default flow_target 'vivado'
Execute       send_msg_by_id INFO @200-435@%s%s 'open_solution -flow_target vivado' config_interface -m_axi_latency=0 
INFO: [HLS 200-435] Setting 'open_solution -flow_target vivado' configuration: config_interface -m_axi_latency=0
Execute       config_interface -m_axi_latency=0 
Command     open_solution done; 0.25 sec.
Execute     set_part xcu280-fsvh2892-2L-e 
INFO: [HLS 200-1510] Running: set_part xcu280-fsvh2892-2L-e 
Execute       create_platform xcu280-fsvh2892-2L-e -board  
DBG:HLSDevice: Trying to load device library: /tools/Xilinx/Vitis_HLS/2022.2/lib/lnx64.o/libxv_hlsvwrap.so
DBG:HLSDevice: first parts/arch.xml in RDI_DATADIR: /tools/Xilinx/Vivado/2022.2/data/parts/arch.xml
DBG:HLSDevice: init success
INFO: [HLS 200-1611] Setting target device to 'xcu280-fsvh2892-2L-e'
Command       create_platform done; 5.31 sec.
Execute       source /tools/Xilinx/Vitis_HLS/2022.2/common/technology/xilinx/common/xilinx.gen 
Execute         source /tools/Xilinx/Vitis_HLS/2022.2/common/technology/xilinx/interface/plb46.gen 
Execute         source /tools/Xilinx/Vitis_HLS/2022.2/common/technology/xilinx/interface/axi4.gen 
Execute         source /tools/Xilinx/Vitis_HLS/2022.2/common/technology/xilinx/interface/nativeAXI4.gen 
Execute           source /tools/Xilinx/Vitis_HLS/2022.2/common/technology/xilinx/interface/saxilite.gen 
Execute         source /tools/Xilinx/Vitis_HLS/2022.2/common/technology/xilinx/scripts/xilinxcoregen.gen 
Execute         source /tools/Xilinx/Vitis_HLS/2022.2/common/technology/xilinx/interface/XilEDKCoreGen.gen 
Execute         source /tools/Xilinx/Vitis_HLS/2022.2/common/technology/xilinx/ip/xfft.gen 
Execute         source /tools/Xilinx/Vitis_HLS/2022.2/common/technology/xilinx/ip/xfir.gen 
Execute         source /tools/Xilinx/Vitis_HLS/2022.2/common/technology/xilinx/ip/util.gen 
Execute         source /tools/Xilinx/Vitis_HLS/2022.2/common/technology/xilinx/ip/dds_compiler.gen 
Execute         source /tools/Xilinx/Vitis_HLS/2022.2/common/technology/xilinx/DSP48/dsp48.gen 
Command       ap_source done; 0.14 sec.
Execute       ap_part_info -name xcu280-fsvh2892-2L-e -data info 
Execute       config_compile -quiet -complex-mul-dsp=0 
Command     set_part done; 5.5 sec.
Execute     create_clock -period 300.000000MHz -name default 
INFO: [HLS 200-1510] Running: create_clock -period 300.000000MHz -name default 
Execute       ap_set_clock -name default -period 3.333 -unit ns -default=false 
INFO: [SYN 201-201] Setting up clock 'default' with a period of 3.333ns.
Execute     set_top krnl 
INFO: [HLS 200-1510] Running: set_top krnl 
Execute     config_interface -m_axi_latency=64 
INFO: [HLS 200-1510] Running: config_interface -m_axi_latency=64 
Execute     config_interface -m_axi_alignment_byte_size=64 
INFO: [HLS 200-1510] Running: config_interface -m_axi_alignment_byte_size=64 
Execute     config_interface -m_axi_max_widen_bitwidth=512 
INFO: [HLS 200-1510] Running: config_interface -m_axi_max_widen_bitwidth=512 
Execute     config_rtl -register_reset_num=3 
INFO: [HLS 200-1510] Running: config_rtl -register_reset_num=3 
Execute     add_files /home/pyuva001/R-Tree-Testbed/src/hls/krnl.cpp -cflags -I/home/pyuva001/R-Tree-Testbed/build/src/include 
INFO: [HLS 200-1510] Running: add_files /home/pyuva001/R-Tree-Testbed/src/hls/krnl.cpp -cflags -I/home/pyuva001/R-Tree-Testbed/build/src/include 
INFO: [HLS 200-10] Adding design file '/home/pyuva001/R-Tree-Testbed/src/hls/krnl.cpp' to the project
Execute     add_files -tb /home/pyuva001/R-Tree-Testbed/src/hls/test_krnl.cpp -cflags -I/home/pyuva001/R-Tree-Testbed/build/src/include 
INFO: [HLS 200-1510] Running: add_files -tb /home/pyuva001/R-Tree-Testbed/src/hls/test_krnl.cpp -cflags -I/home/pyuva001/R-Tree-Testbed/build/src/include 
INFO: [HLS 200-10] Adding test bench file '/home/pyuva001/R-Tree-Testbed/src/hls/test_krnl.cpp' to the project
Execute     add_files /home/pyuva001/R-Tree-Testbed/src/hls/mem_mngr.cpp -cflags -I/home/pyuva001/R-Tree-Testbed/build/src/include 
INFO: [HLS 200-1510] Running: add_files /home/pyuva001/R-Tree-Testbed/src/hls/mem_mngr.cpp -cflags -I/home/pyuva001/R-Tree-Testbed/build/src/include 
INFO: [HLS 200-10] Adding design file '/home/pyuva001/R-Tree-Testbed/src/hls/mem_mngr.cpp' to the project
Execute     add_files /home/pyuva001/R-Tree-Testbed/src/hls/node.cpp -cflags -I/home/pyuva001/R-Tree-Testbed/build/src/include 
INFO: [HLS 200-1510] Running: add_files /home/pyuva001/R-Tree-Testbed/src/hls/node.cpp -cflags -I/home/pyuva001/R-Tree-Testbed/build/src/include 
INFO: [HLS 200-10] Adding design file '/home/pyuva001/R-Tree-Testbed/src/hls/node.cpp' to the project
Execute     add_files /home/pyuva001/R-Tree-Testbed/src/hls/nodeArray.cpp -cflags -I/home/pyuva001/R-Tree-Testbed/build/src/include 
INFO: [HLS 200-1510] Running: add_files /home/pyuva001/R-Tree-Testbed/src/hls/nodeArray.cpp -cflags -I/home/pyuva001/R-Tree-Testbed/build/src/include 
INFO: [HLS 200-10] Adding design file '/home/pyuva001/R-Tree-Testbed/src/hls/nodeArray.cpp' to the project
Execute     add_files /home/pyuva001/R-Tree-Testbed/src/hls/overlapEnlargementPair.cpp -cflags -I/home/pyuva001/R-Tree-Testbed/build/src/include 
INFO: [HLS 200-1510] Running: add_files /home/pyuva001/R-Tree-Testbed/src/hls/overlapEnlargementPair.cpp -cflags -I/home/pyuva001/R-Tree-Testbed/build/src/include 
INFO: [HLS 200-10] Adding design file '/home/pyuva001/R-Tree-Testbed/src/hls/overlapEnlargementPair.cpp' to the project
Execute     add_files /home/pyuva001/R-Tree-Testbed/src/hls/areaEnlargementPair.cpp -cflags -I/home/pyuva001/R-Tree-Testbed/build/src/include 
INFO: [HLS 200-1510] Running: add_files /home/pyuva001/R-Tree-Testbed/src/hls/areaEnlargementPair.cpp -cflags -I/home/pyuva001/R-Tree-Testbed/build/src/include 
INFO: [HLS 200-10] Adding design file '/home/pyuva001/R-Tree-Testbed/src/hls/areaEnlargementPair.cpp' to the project
Execute     add_files /home/pyuva001/R-Tree-Testbed/src/hls/krnlInsert.cpp -cflags -I/home/pyuva001/R-Tree-Testbed/build/src/include 
INFO: [HLS 200-1510] Running: add_files /home/pyuva001/R-Tree-Testbed/src/hls/krnlInsert.cpp -cflags -I/home/pyuva001/R-Tree-Testbed/build/src/include 
INFO: [HLS 200-10] Adding design file '/home/pyuva001/R-Tree-Testbed/src/hls/krnlInsert.cpp' to the project
Execute     csim_design 
INFO: [HLS 200-1510] Running: csim_design 
INFO: [SIM 211-2] *************** CSIM start ***************
INFO: [SIM 211-4] CSIM will launch GCC as the compiler.
Execute       ap_part_info -name xcu280-fsvh2892-2L-e -data info 
ERROR: [SIM 211-100] 'csim_design' failed: compilation error(s).
INFO: [SIM 211-3] *************** CSIM finish ***************
INFO-FLOW: Caught error in csim_design: 4
    while executing
"ap_internal_csim_design "
Command     csim_design done; error code: 2; 0.99 sec.
INFO: [HLS 200-111] Finished Command csim_design CPU user time: 0.14 seconds. CPU system time: 0.35 seconds. Elapsed time: 0.99 seconds; current allocated memory: 0.000 MB.
Command   ap_source done; error code: 1; 16.93 sec.
Execute   cleanup_all 
INFO-FLOW: Workspace /home/pyuva001/R-Tree-Testbed/build/src/krnl_prj/solution1 opened at Thu Feb 13 17:04:26 PST 2025
Execute       ap_set_clock -name default -period 3.333 -unit ns -default=false 
INFO: [SYN 201-201] Setting up clock 'default' with a period of 3.333ns.
Execute       set_part xcu280-fsvh2892-2L-e 
Execute         create_platform xcu280-fsvh2892-2L-e -board  
DBG:HLSDevice: Trying to load device library: /tools/Xilinx/Vitis_HLS/2022.2/lib/lnx64.o/libxv_hlsvwrap.so
DBG:HLSDevice: first parts/arch.xml in RDI_DATADIR: /tools/Xilinx/Vivado/2022.2/data/parts/arch.xml
DBG:HLSDevice: init success
INFO: [HLS 200-1611] Setting target device to 'xcu280-fsvh2892-2L-e'
Command         create_platform done; 4.38 sec.
Execute         source /tools/Xilinx/Vitis_HLS/2022.2/common/technology/xilinx/common/xilinx.gen 
Execute           source /tools/Xilinx/Vitis_HLS/2022.2/common/technology/xilinx/interface/plb46.gen 
Execute           source /tools/Xilinx/Vitis_HLS/2022.2/common/technology/xilinx/interface/axi4.gen 
Execute           source /tools/Xilinx/Vitis_HLS/2022.2/common/technology/xilinx/interface/nativeAXI4.gen 
Execute             source /tools/Xilinx/Vitis_HLS/2022.2/common/technology/xilinx/interface/saxilite.gen 
Execute           source /tools/Xilinx/Vitis_HLS/2022.2/common/technology/xilinx/scripts/xilinxcoregen.gen 
Execute           source /tools/Xilinx/Vitis_HLS/2022.2/common/technology/xilinx/interface/XilEDKCoreGen.gen 
Execute           source /tools/Xilinx/Vitis_HLS/2022.2/common/technology/xilinx/ip/xfft.gen 
Command           ap_source done; 0.19 sec.
Execute           source /tools/Xilinx/Vitis_HLS/2022.2/common/technology/xilinx/ip/xfir.gen 
Execute           source /tools/Xilinx/Vitis_HLS/2022.2/common/technology/xilinx/ip/util.gen 
Execute           source /tools/Xilinx/Vitis_HLS/2022.2/common/technology/xilinx/ip/dds_compiler.gen 
Execute           source /tools/Xilinx/Vitis_HLS/2022.2/common/technology/xilinx/DSP48/dsp48.gen 
Command         ap_source done; 0.26 sec.
Execute         ap_part_info -name xcu280-fsvh2892-2L-e -data info 
Execute         config_compile -quiet -complex-mul-dsp=0 
Command       set_part done; 4.71 sec.
Execute       send_msg_by_id INFO @200-1505@%s%s  vivado 
INFO: [HLS 200-1505] Using flow_target 'vivado'
Execute       send_msg_by_id INFO @200-435@%s%s 'open_solution -flow_target vivado' config_interface -m_axi_latency=0 
INFO: [HLS 200-435] Setting 'open_solution -flow_target vivado' configuration: config_interface -m_axi_latency=0
Execute       config_interface -m_axi_latency=0 
Execute       send_msg_by_id INFO @200-435@%s%s 'open_solution -flow_target vivado' config_interface -m_axi_alignment_byte_size=1 
INFO: [HLS 200-435] Setting 'open_solution -flow_target vivado' configuration: config_interface -m_axi_alignment_byte_size=1
Execute       config_interface -m_axi_alignment_byte_size=1 
Execute       send_msg_by_id INFO @200-435@%s%s 'open_solution -flow_target vivado' config_interface -m_axi_max_widen_bitwidth=0 
INFO: [HLS 200-435] Setting 'open_solution -flow_target vivado' configuration: config_interface -m_axi_max_widen_bitwidth=0
Execute       config_interface -m_axi_max_widen_bitwidth=0 
Execute       send_msg_by_id INFO @200-435@%s%s 'open_solution -flow_target vivado' config_rtl -register_reset_num=0 
INFO: [HLS 200-435] Setting 'open_solution -flow_target vivado' configuration: config_rtl -register_reset_num=0
Execute       config_rtl -register_reset_num=0 
Execute       send_msg_by_id INFO @200-1464@%s config_interface -m_axi_latency=64 
INFO: [HLS 200-1464] Running solution command: config_interface -m_axi_latency=64
Execute       config_interface -m_axi_latency=64 
Execute       send_msg_by_id INFO @200-1464@%s config_interface -m_axi_alignment_byte_size=64 
INFO: [HLS 200-1464] Running solution command: config_interface -m_axi_alignment_byte_size=64
Execute       config_interface -m_axi_alignment_byte_size=64 
Execute       send_msg_by_id INFO @200-1464@%s config_interface -m_axi_max_widen_bitwidth=512 
INFO: [HLS 200-1464] Running solution command: config_interface -m_axi_max_widen_bitwidth=512
Execute       config_interface -m_axi_max_widen_bitwidth=512 
Execute       send_msg_by_id INFO @200-1464@%s config_rtl -register_reset_num=3 
INFO: [HLS 200-1464] Running solution command: config_rtl -register_reset_num=3
Execute       config_rtl -register_reset_num=3 
Command     open_solution done; 5.04 sec.
Execute     set_part xcu280-fsvh2892-2L-e 
INFO: [HLS 200-1510] Running: set_part xcu280-fsvh2892-2L-e 
Execute       create_platform xcu280-fsvh2892-2L-e -board  
Execute       source /tools/Xilinx/Vitis_HLS/2022.2/common/technology/xilinx/common/xilinx.gen 
Execute         source /tools/Xilinx/Vitis_HLS/2022.2/common/technology/xilinx/interface/plb46.gen 
Execute         source /tools/Xilinx/Vitis_HLS/2022.2/common/technology/xilinx/interface/axi4.gen 
Execute         source /tools/Xilinx/Vitis_HLS/2022.2/common/technology/xilinx/interface/nativeAXI4.gen 
Execute           source /tools/Xilinx/Vitis_HLS/2022.2/common/technology/xilinx/interface/saxilite.gen 
Execute         source /tools/Xilinx/Vitis_HLS/2022.2/common/technology/xilinx/scripts/xilinxcoregen.gen 
Execute         source /tools/Xilinx/Vitis_HLS/2022.2/common/technology/xilinx/interface/XilEDKCoreGen.gen 
Execute         source /tools/Xilinx/Vitis_HLS/2022.2/common/technology/xilinx/ip/xfft.gen 
Command         ap_source done; 0.14 sec.
Execute         source /tools/Xilinx/Vitis_HLS/2022.2/common/technology/xilinx/ip/xfir.gen 
Execute         source /tools/Xilinx/Vitis_HLS/2022.2/common/technology/xilinx/ip/util.gen 
Execute         source /tools/Xilinx/Vitis_HLS/2022.2/common/technology/xilinx/ip/dds_compiler.gen 
Execute         source /tools/Xilinx/Vitis_HLS/2022.2/common/technology/xilinx/DSP48/dsp48.gen 
Command       ap_source done; 0.19 sec.
Execute       ap_part_info -name xcu280-fsvh2892-2L-e -data info 
Execute       config_compile -quiet -complex-mul-dsp=0 
Command     set_part done; 0.29 sec.
Execute     create_clock -period 300.000000MHz -name default 
INFO: [HLS 200-1510] Running: create_clock -period 300.000000MHz -name default 
Execute     set_top krnl 
INFO: [HLS 200-1510] Running: set_top krnl 
Execute     config_interface -m_axi_latency=64 
INFO: [HLS 200-1510] Running: config_interface -m_axi_latency=64 
Execute     config_interface -m_axi_alignment_byte_size=64 
INFO: [HLS 200-1510] Running: config_interface -m_axi_alignment_byte_size=64 
Execute     config_interface -m_axi_max_widen_bitwidth=512 
INFO: [HLS 200-1510] Running: config_interface -m_axi_max_widen_bitwidth=512 
Execute     config_rtl -register_reset_num=3 
INFO: [HLS 200-1510] Running: config_rtl -register_reset_num=3 
Execute     add_files /home/pyuva001/R-Tree-Testbed/src/hls/krnl.cpp -cflags -I/home/pyuva001/R-Tree-Testbed/build/src/../include 
INFO: [HLS 200-1510] Running: add_files /home/pyuva001/R-Tree-Testbed/src/hls/krnl.cpp -cflags -I/home/pyuva001/R-Tree-Testbed/build/src/../include 
INFO: [HLS 200-10] Adding design file '/home/pyuva001/R-Tree-Testbed/src/hls/krnl.cpp' to the project
Execute     add_files -tb /home/pyuva001/R-Tree-Testbed/src/hls/test_krnl.cpp -cflags -I/home/pyuva001/R-Tree-Testbed/build/src/../include 
INFO: [HLS 200-1510] Running: add_files -tb /home/pyuva001/R-Tree-Testbed/src/hls/test_krnl.cpp -cflags -I/home/pyuva001/R-Tree-Testbed/build/src/../include 
INFO: [HLS 200-10] Adding test bench file '/home/pyuva001/R-Tree-Testbed/src/hls/test_krnl.cpp' to the project
Execute     add_files /home/pyuva001/R-Tree-Testbed/src/hls/mem_mngr.cpp -cflags -I/home/pyuva001/R-Tree-Testbed/build/src/../include 
INFO: [HLS 200-1510] Running: add_files /home/pyuva001/R-Tree-Testbed/src/hls/mem_mngr.cpp -cflags -I/home/pyuva001/R-Tree-Testbed/build/src/../include 
INFO: [HLS 200-10] Adding design file '/home/pyuva001/R-Tree-Testbed/src/hls/mem_mngr.cpp' to the project
Execute     add_files /home/pyuva001/R-Tree-Testbed/src/hls/node.cpp -cflags -I/home/pyuva001/R-Tree-Testbed/build/src/../include 
INFO: [HLS 200-1510] Running: add_files /home/pyuva001/R-Tree-Testbed/src/hls/node.cpp -cflags -I/home/pyuva001/R-Tree-Testbed/build/src/../include 
INFO: [HLS 200-10] Adding design file '/home/pyuva001/R-Tree-Testbed/src/hls/node.cpp' to the project
Execute     add_files /home/pyuva001/R-Tree-Testbed/src/hls/nodeArray.cpp -cflags -I/home/pyuva001/R-Tree-Testbed/build/src/../include 
INFO: [HLS 200-1510] Running: add_files /home/pyuva001/R-Tree-Testbed/src/hls/nodeArray.cpp -cflags -I/home/pyuva001/R-Tree-Testbed/build/src/../include 
INFO: [HLS 200-10] Adding design file '/home/pyuva001/R-Tree-Testbed/src/hls/nodeArray.cpp' to the project
Execute     add_files /home/pyuva001/R-Tree-Testbed/src/hls/overlapEnlargementPair.cpp -cflags -I/home/pyuva001/R-Tree-Testbed/build/src/../include 
INFO: [HLS 200-1510] Running: add_files /home/pyuva001/R-Tree-Testbed/src/hls/overlapEnlargementPair.cpp -cflags -I/home/pyuva001/R-Tree-Testbed/build/src/../include 
INFO: [HLS 200-10] Adding design file '/home/pyuva001/R-Tree-Testbed/src/hls/overlapEnlargementPair.cpp' to the project
Execute     add_files /home/pyuva001/R-Tree-Testbed/src/hls/areaEnlargementPair.cpp -cflags -I/home/pyuva001/R-Tree-Testbed/build/src/../include 
INFO: [HLS 200-1510] Running: add_files /home/pyuva001/R-Tree-Testbed/src/hls/areaEnlargementPair.cpp -cflags -I/home/pyuva001/R-Tree-Testbed/build/src/../include 
INFO: [HLS 200-10] Adding design file '/home/pyuva001/R-Tree-Testbed/src/hls/areaEnlargementPair.cpp' to the project
Execute     add_files /home/pyuva001/R-Tree-Testbed/src/hls/krnlInsert.cpp -cflags -I/home/pyuva001/R-Tree-Testbed/build/src/../include 
INFO: [HLS 200-1510] Running: add_files /home/pyuva001/R-Tree-Testbed/src/hls/krnlInsert.cpp -cflags -I/home/pyuva001/R-Tree-Testbed/build/src/../include 
INFO: [HLS 200-10] Adding design file '/home/pyuva001/R-Tree-Testbed/src/hls/krnlInsert.cpp' to the project
Execute     csim_design 
INFO: [HLS 200-1510] Running: csim_design 
INFO: [SIM 211-2] *************** CSIM start ***************
INFO: [SIM 211-4] CSIM will launch GCC as the compiler.
Execute       source csim/.lst_opt.tcl 
Execute       ap_part_info -name xcu280-fsvh2892-2L-e -data info 
ERROR: [SIM 211-100] 'csim_design' failed: compilation error(s).
INFO: [SIM 211-3] *************** CSIM finish ***************
INFO-FLOW: Caught error in csim_design: 4
    while executing
"ap_internal_csim_design "
Command     csim_design done; error code: 2; 0.53 sec.
INFO: [HLS 200-111] Finished Command csim_design CPU user time: 0.14 seconds. CPU system time: 0.38 seconds. Elapsed time: 0.54 seconds; current allocated memory: 0.000 MB.
Command   ap_source done; error code: 1; 16.03 sec.
Execute   cleanup_all 
INFO-FLOW: Workspace /home/pyuva001/R-Tree-Testbed/build/src/krnl_prj/solution1 opened at Thu Feb 13 17:06:00 PST 2025
Execute       ap_set_clock -name default -period 3.333 -unit ns -default=false 
INFO: [SYN 201-201] Setting up clock 'default' with a period of 3.333ns.
Execute       set_part xcu280-fsvh2892-2L-e 
Execute         create_platform xcu280-fsvh2892-2L-e -board  
DBG:HLSDevice: Trying to load device library: /tools/Xilinx/Vitis_HLS/2022.2/lib/lnx64.o/libxv_hlsvwrap.so
DBG:HLSDevice: first parts/arch.xml in RDI_DATADIR: /tools/Xilinx/Vivado/2022.2/data/parts/arch.xml
DBG:HLSDevice: init success
INFO: [HLS 200-1611] Setting target device to 'xcu280-fsvh2892-2L-e'
Command         create_platform done; 3.67 sec.
Execute         source /tools/Xilinx/Vitis_HLS/2022.2/common/technology/xilinx/common/xilinx.gen 
Execute           source /tools/Xilinx/Vitis_HLS/2022.2/common/technology/xilinx/interface/plb46.gen 
Execute           source /tools/Xilinx/Vitis_HLS/2022.2/common/technology/xilinx/interface/axi4.gen 
Execute           source /tools/Xilinx/Vitis_HLS/2022.2/common/technology/xilinx/interface/nativeAXI4.gen 
Execute             source /tools/Xilinx/Vitis_HLS/2022.2/common/technology/xilinx/interface/saxilite.gen 
Execute           source /tools/Xilinx/Vitis_HLS/2022.2/common/technology/xilinx/scripts/xilinxcoregen.gen 
Execute           source /tools/Xilinx/Vitis_HLS/2022.2/common/technology/xilinx/interface/XilEDKCoreGen.gen 
Execute           source /tools/Xilinx/Vitis_HLS/2022.2/common/technology/xilinx/ip/xfft.gen 
Execute           source /tools/Xilinx/Vitis_HLS/2022.2/common/technology/xilinx/ip/xfir.gen 
Execute           source /tools/Xilinx/Vitis_HLS/2022.2/common/technology/xilinx/ip/util.gen 
Execute           source /tools/Xilinx/Vitis_HLS/2022.2/common/technology/xilinx/ip/dds_compiler.gen 
Execute           source /tools/Xilinx/Vitis_HLS/2022.2/common/technology/xilinx/DSP48/dsp48.gen 
Execute         ap_part_info -name xcu280-fsvh2892-2L-e -data info 
Execute         config_compile -quiet -complex-mul-dsp=0 
Command       set_part done; 3.81 sec.
Execute       send_msg_by_id INFO @200-1505@%s%s  vivado 
INFO: [HLS 200-1505] Using flow_target 'vivado'
Execute       send_msg_by_id INFO @200-435@%s%s 'open_solution -flow_target vivado' config_interface -m_axi_latency=0 
INFO: [HLS 200-435] Setting 'open_solution -flow_target vivado' configuration: config_interface -m_axi_latency=0
Execute       config_interface -m_axi_latency=0 
Execute       send_msg_by_id INFO @200-435@%s%s 'open_solution -flow_target vivado' config_interface -m_axi_alignment_byte_size=1 
INFO: [HLS 200-435] Setting 'open_solution -flow_target vivado' configuration: config_interface -m_axi_alignment_byte_size=1
Execute       config_interface -m_axi_alignment_byte_size=1 
Execute       send_msg_by_id INFO @200-435@%s%s 'open_solution -flow_target vivado' config_interface -m_axi_max_widen_bitwidth=0 
INFO: [HLS 200-435] Setting 'open_solution -flow_target vivado' configuration: config_interface -m_axi_max_widen_bitwidth=0
Execute       config_interface -m_axi_max_widen_bitwidth=0 
Execute       send_msg_by_id INFO @200-435@%s%s 'open_solution -flow_target vivado' config_rtl -register_reset_num=0 
INFO: [HLS 200-435] Setting 'open_solution -flow_target vivado' configuration: config_rtl -register_reset_num=0
Execute       config_rtl -register_reset_num=0 
Execute       send_msg_by_id INFO @200-1464@%s config_interface -m_axi_latency=64 
INFO: [HLS 200-1464] Running solution command: config_interface -m_axi_latency=64
Execute       config_interface -m_axi_latency=64 
Execute       send_msg_by_id INFO @200-1464@%s config_interface -m_axi_alignment_byte_size=64 
INFO: [HLS 200-1464] Running solution command: config_interface -m_axi_alignment_byte_size=64
Execute       config_interface -m_axi_alignment_byte_size=64 
Execute       send_msg_by_id INFO @200-1464@%s config_interface -m_axi_max_widen_bitwidth=512 
INFO: [HLS 200-1464] Running solution command: config_interface -m_axi_max_widen_bitwidth=512
Execute       config_interface -m_axi_max_widen_bitwidth=512 
Execute       send_msg_by_id INFO @200-1464@%s config_rtl -register_reset_num=3 
INFO: [HLS 200-1464] Running solution command: config_rtl -register_reset_num=3
Execute       config_rtl -register_reset_num=3 
Command     open_solution done; 4.14 sec.
Execute     set_part xcu280-fsvh2892-2L-e 
INFO: [HLS 200-1510] Running: set_part xcu280-fsvh2892-2L-e 
Execute       create_platform xcu280-fsvh2892-2L-e -board  
Execute       source /tools/Xilinx/Vitis_HLS/2022.2/common/technology/xilinx/common/xilinx.gen 
Execute         source /tools/Xilinx/Vitis_HLS/2022.2/common/technology/xilinx/interface/plb46.gen 
Execute         source /tools/Xilinx/Vitis_HLS/2022.2/common/technology/xilinx/interface/axi4.gen 
Execute         source /tools/Xilinx/Vitis_HLS/2022.2/common/technology/xilinx/interface/nativeAXI4.gen 
Execute           source /tools/Xilinx/Vitis_HLS/2022.2/common/technology/xilinx/interface/saxilite.gen 
Execute         source /tools/Xilinx/Vitis_HLS/2022.2/common/technology/xilinx/scripts/xilinxcoregen.gen 
Execute         source /tools/Xilinx/Vitis_HLS/2022.2/common/technology/xilinx/interface/XilEDKCoreGen.gen 
Execute         source /tools/Xilinx/Vitis_HLS/2022.2/common/technology/xilinx/ip/xfft.gen 
Execute         source /tools/Xilinx/Vitis_HLS/2022.2/common/technology/xilinx/ip/xfir.gen 
Execute         source /tools/Xilinx/Vitis_HLS/2022.2/common/technology/xilinx/ip/util.gen 
Execute         source /tools/Xilinx/Vitis_HLS/2022.2/common/technology/xilinx/ip/dds_compiler.gen 
Execute         source /tools/Xilinx/Vitis_HLS/2022.2/common/technology/xilinx/DSP48/dsp48.gen 
Execute       ap_part_info -name xcu280-fsvh2892-2L-e -data info 
Execute       config_compile -quiet -complex-mul-dsp=0 
Command     set_part done; 0.14 sec.
Execute     create_clock -period 300.000000MHz -name default 
INFO: [HLS 200-1510] Running: create_clock -period 300.000000MHz -name default 
Execute     set_top krnl 
INFO: [HLS 200-1510] Running: set_top krnl 
Execute     config_interface -m_axi_latency=64 
INFO: [HLS 200-1510] Running: config_interface -m_axi_latency=64 
Execute     config_interface -m_axi_alignment_byte_size=64 
INFO: [HLS 200-1510] Running: config_interface -m_axi_alignment_byte_size=64 
Execute     config_interface -m_axi_max_widen_bitwidth=512 
INFO: [HLS 200-1510] Running: config_interface -m_axi_max_widen_bitwidth=512 
Execute     config_rtl -register_reset_num=3 
INFO: [HLS 200-1510] Running: config_rtl -register_reset_num=3 
Execute     add_files /home/pyuva001/R-Tree-Testbed/src/hls/krnl.cpp -cflags -I/home/pyuva001/R-Tree-Testbed/src/include 
INFO: [HLS 200-1510] Running: add_files /home/pyuva001/R-Tree-Testbed/src/hls/krnl.cpp -cflags -I/home/pyuva001/R-Tree-Testbed/src/include 
INFO: [HLS 200-10] Adding design file '/home/pyuva001/R-Tree-Testbed/src/hls/krnl.cpp' to the project
Execute     add_files -tb /home/pyuva001/R-Tree-Testbed/src/hls/test_krnl.cpp -cflags -I/home/pyuva001/R-Tree-Testbed/src/include 
INFO: [HLS 200-1510] Running: add_files -tb /home/pyuva001/R-Tree-Testbed/src/hls/test_krnl.cpp -cflags -I/home/pyuva001/R-Tree-Testbed/src/include 
INFO: [HLS 200-10] Adding test bench file '/home/pyuva001/R-Tree-Testbed/src/hls/test_krnl.cpp' to the project
Execute     add_files /home/pyuva001/R-Tree-Testbed/src/hls/mem_mngr.cpp -cflags -I/home/pyuva001/R-Tree-Testbed/src/include 
INFO: [HLS 200-1510] Running: add_files /home/pyuva001/R-Tree-Testbed/src/hls/mem_mngr.cpp -cflags -I/home/pyuva001/R-Tree-Testbed/src/include 
INFO: [HLS 200-10] Adding design file '/home/pyuva001/R-Tree-Testbed/src/hls/mem_mngr.cpp' to the project
Execute     add_files /home/pyuva001/R-Tree-Testbed/src/hls/node.cpp -cflags -I/home/pyuva001/R-Tree-Testbed/src/include 
INFO: [HLS 200-1510] Running: add_files /home/pyuva001/R-Tree-Testbed/src/hls/node.cpp -cflags -I/home/pyuva001/R-Tree-Testbed/src/include 
INFO: [HLS 200-10] Adding design file '/home/pyuva001/R-Tree-Testbed/src/hls/node.cpp' to the project
Execute     add_files /home/pyuva001/R-Tree-Testbed/src/hls/nodeArray.cpp -cflags -I/home/pyuva001/R-Tree-Testbed/src/include 
INFO: [HLS 200-1510] Running: add_files /home/pyuva001/R-Tree-Testbed/src/hls/nodeArray.cpp -cflags -I/home/pyuva001/R-Tree-Testbed/src/include 
INFO: [HLS 200-10] Adding design file '/home/pyuva001/R-Tree-Testbed/src/hls/nodeArray.cpp' to the project
Execute     add_files /home/pyuva001/R-Tree-Testbed/src/hls/overlapEnlargementPair.cpp -cflags -I/home/pyuva001/R-Tree-Testbed/src/include 
INFO: [HLS 200-1510] Running: add_files /home/pyuva001/R-Tree-Testbed/src/hls/overlapEnlargementPair.cpp -cflags -I/home/pyuva001/R-Tree-Testbed/src/include 
INFO: [HLS 200-10] Adding design file '/home/pyuva001/R-Tree-Testbed/src/hls/overlapEnlargementPair.cpp' to the project
Execute     add_files /home/pyuva001/R-Tree-Testbed/src/hls/areaEnlargementPair.cpp -cflags -I/home/pyuva001/R-Tree-Testbed/src/include 
INFO: [HLS 200-1510] Running: add_files /home/pyuva001/R-Tree-Testbed/src/hls/areaEnlargementPair.cpp -cflags -I/home/pyuva001/R-Tree-Testbed/src/include 
INFO: [HLS 200-10] Adding design file '/home/pyuva001/R-Tree-Testbed/src/hls/areaEnlargementPair.cpp' to the project
Execute     add_files /home/pyuva001/R-Tree-Testbed/src/hls/krnlInsert.cpp -cflags -I/home/pyuva001/R-Tree-Testbed/src/include 
INFO: [HLS 200-1510] Running: add_files /home/pyuva001/R-Tree-Testbed/src/hls/krnlInsert.cpp -cflags -I/home/pyuva001/R-Tree-Testbed/src/include 
INFO: [HLS 200-10] Adding design file '/home/pyuva001/R-Tree-Testbed/src/hls/krnlInsert.cpp' to the project
Execute     csim_design 
INFO: [HLS 200-1510] Running: csim_design 
INFO: [SIM 211-2] *************** CSIM start ***************
INFO: [SIM 211-4] CSIM will launch GCC as the compiler.
Execute       source csim/.lst_opt.tcl 
Execute       ap_part_info -name xcu280-fsvh2892-2L-e -data info 
Execute       source run_sim.tcl 
INFO: [SIM 211-1] CSim done with 0 errors.
INFO: [SIM 211-3] *************** CSIM finish ***************
Command     csim_design done; 44.4 sec.
INFO: [HLS 200-111] Finished Command csim_design CPU user time: 39.9 seconds. CPU system time: 4.46 seconds. Elapsed time: 44.4 seconds; current allocated memory: 0.000 MB.
Execute     cleanup_all 
