/home/pyuva001/R-Tree-Testbed/build/src/krnl_prj/solution1/.autopilot/db/krnlInsert.pp.0.cpp:6952:7: warning: Added loop label VITIS_LOOP_1211_1:   [xilinx-label-all-loops]
      for (i = 0; i < __N - 1; ++i) {
      ^~~
      VITIS_LOOP_1211_1: 
/home/pyuva001/R-Tree-Testbed/build/src/krnl_prj/solution1/.autopilot/db/krnlInsert.pp.0.cpp:6952:7: note: FIX-IT applied suggested code changes
/home/pyuva001/R-Tree-Testbed/build/src/krnl_prj/solution1/.autopilot/db/krnlInsert.pp.0.cpp:7926:5: warning: Added loop label VITIS_LOOP_676_1:   [xilinx-label-all-loops]
    for (unsigned i = low; i != high; ++i) {
    ^~~
    VITIS_LOOP_676_1: 
/home/pyuva001/R-Tree-Testbed/build/src/krnl_prj/solution1/.autopilot/db/krnlInsert.pp.0.cpp:7926:5: note: FIX-IT applied suggested code changes
/home/pyuva001/R-Tree-Testbed/build/src/krnl_prj/solution1/.autopilot/db/krnlInsert.pp.0.cpp:7940:5: warning: Added loop label VITIS_LOOP_690_1:   [xilinx-label-all-loops]
    for (unsigned i = low; i != high; ++i) {
    ^~~
    VITIS_LOOP_690_1: 
/home/pyuva001/R-Tree-Testbed/build/src/krnl_prj/solution1/.autopilot/db/krnlInsert.pp.0.cpp:7940:5: note: FIX-IT applied suggested code changes
/home/pyuva001/R-Tree-Testbed/build/src/krnl_prj/solution1/.autopilot/db/krnlInsert.pp.0.cpp:7954:5: warning: Added loop label VITIS_LOOP_704_1:   [xilinx-label-all-loops]
    for (unsigned i = low; i != high; ++i) {
    ^~~
    VITIS_LOOP_704_1: 
/home/pyuva001/R-Tree-Testbed/build/src/krnl_prj/solution1/.autopilot/db/krnlInsert.pp.0.cpp:7954:5: note: FIX-IT applied suggested code changes
/home/pyuva001/R-Tree-Testbed/build/src/krnl_prj/solution1/.autopilot/db/krnlInsert.pp.0.cpp:9553:7: warning: Added loop label VITIS_LOOP_1245_1:   [xilinx-label-all-loops]
      for (i = 0; i < __N - 1; ++i) {
      ^~~
      VITIS_LOOP_1245_1: 
/home/pyuva001/R-Tree-Testbed/build/src/krnl_prj/solution1/.autopilot/db/krnlInsert.pp.0.cpp:9553:7: note: FIX-IT applied suggested code changes
/home/pyuva001/R-Tree-Testbed/build/src/krnl_prj/solution1/.autopilot/db/krnlInsert.pp.0.cpp:13689:72: error: Invalid Directive: for current device, ROM_1P + LUTRAM is invalid combination for BIND_STORAGE's option 'type + impl' [clang-diagnostic-error]
#pragma HLS BIND_STORAGE variable=fourth_order_double::sin_cos_K0 type=ROM_1P impl=LUTRAM
                                                                       ^
/home/pyuva001/R-Tree-Testbed/build/src/krnl_prj/solution1/.autopilot/db/krnlInsert.pp.0.cpp:13690:72: error: Invalid Directive: for current device, ROM_1P + LUTRAM is invalid combination for BIND_STORAGE's option 'type + impl' [clang-diagnostic-error]
#pragma HLS BIND_STORAGE variable=fourth_order_double::sin_cos_K1 type=ROM_1P impl=LUTRAM
                                                                       ^
/home/pyuva001/R-Tree-Testbed/build/src/krnl_prj/solution1/.autopilot/db/krnlInsert.pp.0.cpp:13691:72: error: Invalid Directive: for current device, ROM_1P + LUTRAM is invalid combination for BIND_STORAGE's option 'type + impl' [clang-diagnostic-error]
#pragma HLS BIND_STORAGE variable=fourth_order_double::sin_cos_K2 type=ROM_1P impl=LUTRAM
                                                                       ^
/home/pyuva001/R-Tree-Testbed/build/src/krnl_prj/solution1/.autopilot/db/krnlInsert.pp.0.cpp:13692:72: error: Invalid Directive: for current device, ROM_1P + LUTRAM is invalid combination for BIND_STORAGE's option 'type + impl' [clang-diagnostic-error]
#pragma HLS BIND_STORAGE variable=fourth_order_double::sin_cos_K3 type=ROM_1P impl=LUTRAM
                                                                       ^
/home/pyuva001/R-Tree-Testbed/build/src/krnl_prj/solution1/.autopilot/db/krnlInsert.pp.0.cpp:13693:72: error: Invalid Directive: for current device, ROM_1P + LUTRAM is invalid combination for BIND_STORAGE's option 'type + impl' [clang-diagnostic-error]
#pragma HLS BIND_STORAGE variable=fourth_order_double::sin_cos_K4 type=ROM_1P impl=LUTRAM
                                                                       ^
/home/pyuva001/R-Tree-Testbed/build/src/krnl_prj/solution1/.autopilot/db/krnlInsert.pp.0.cpp:13723:68: error: Invalid Directive: for current device, ROM_1P + LUTRAM is invalid combination for BIND_STORAGE's option 'type + impl' [clang-diagnostic-error]
#pragma HLS BIND_STORAGE variable=fourth_order_double::cos_K0 type=ROM_1P impl=LUTRAM
                                                                   ^
/home/pyuva001/R-Tree-Testbed/build/src/krnl_prj/solution1/.autopilot/db/krnlInsert.pp.0.cpp:13724:68: error: Invalid Directive: for current device, ROM_1P + LUTRAM is invalid combination for BIND_STORAGE's option 'type + impl' [clang-diagnostic-error]
#pragma HLS BIND_STORAGE variable=fourth_order_double::cos_K1 type=ROM_1P impl=LUTRAM
                                                                   ^
/home/pyuva001/R-Tree-Testbed/build/src/krnl_prj/solution1/.autopilot/db/krnlInsert.pp.0.cpp:13725:68: error: Invalid Directive: for current device, ROM_1P + LUTRAM is invalid combination for BIND_STORAGE's option 'type + impl' [clang-diagnostic-error]
#pragma HLS BIND_STORAGE variable=fourth_order_double::cos_K2 type=ROM_1P impl=LUTRAM
                                                                   ^
/home/pyuva001/R-Tree-Testbed/build/src/krnl_prj/solution1/.autopilot/db/krnlInsert.pp.0.cpp:13726:68: error: Invalid Directive: for current device, ROM_1P + LUTRAM is invalid combination for BIND_STORAGE's option 'type + impl' [clang-diagnostic-error]
#pragma HLS BIND_STORAGE variable=fourth_order_double::cos_K3 type=ROM_1P impl=LUTRAM
                                                                   ^
/home/pyuva001/R-Tree-Testbed/build/src/krnl_prj/solution1/.autopilot/db/krnlInsert.pp.0.cpp:13727:68: error: Invalid Directive: for current device, ROM_1P + LUTRAM is invalid combination for BIND_STORAGE's option 'type + impl' [clang-diagnostic-error]
#pragma HLS BIND_STORAGE variable=fourth_order_double::cos_K4 type=ROM_1P impl=LUTRAM
                                                                   ^
/home/pyuva001/R-Tree-Testbed/build/src/krnl_prj/solution1/.autopilot/db/krnlInsert.pp.0.cpp:13728:68: error: Invalid Directive: for current device, ROM_1P + LUTRAM is invalid combination for BIND_STORAGE's option 'type + impl' [clang-diagnostic-error]
#pragma HLS BIND_STORAGE variable=fourth_order_double::sin_K0 type=ROM_1P impl=LUTRAM
                                                                   ^
/home/pyuva001/R-Tree-Testbed/build/src/krnl_prj/solution1/.autopilot/db/krnlInsert.pp.0.cpp:13729:68: error: Invalid Directive: for current device, ROM_1P + LUTRAM is invalid combination for BIND_STORAGE's option 'type + impl' [clang-diagnostic-error]
#pragma HLS BIND_STORAGE variable=fourth_order_double::sin_K1 type=ROM_1P impl=LUTRAM
                                                                   ^
/home/pyuva001/R-Tree-Testbed/build/src/krnl_prj/solution1/.autopilot/db/krnlInsert.pp.0.cpp:13730:68: error: Invalid Directive: for current device, ROM_1P + LUTRAM is invalid combination for BIND_STORAGE's option 'type + impl' [clang-diagnostic-error]
#pragma HLS BIND_STORAGE variable=fourth_order_double::sin_K2 type=ROM_1P impl=LUTRAM
                                                                   ^
/home/pyuva001/R-Tree-Testbed/build/src/krnl_prj/solution1/.autopilot/db/krnlInsert.pp.0.cpp:13731:68: error: Invalid Directive: for current device, ROM_1P + LUTRAM is invalid combination for BIND_STORAGE's option 'type + impl' [clang-diagnostic-error]
#pragma HLS BIND_STORAGE variable=fourth_order_double::sin_K3 type=ROM_1P impl=LUTRAM
                                                                   ^
/home/pyuva001/R-Tree-Testbed/build/src/krnl_prj/solution1/.autopilot/db/krnlInsert.pp.0.cpp:13732:68: error: Invalid Directive: for current device, ROM_1P + LUTRAM is invalid combination for BIND_STORAGE's option 'type + impl' [clang-diagnostic-error]
#pragma HLS BIND_STORAGE variable=fourth_order_double::sin_K4 type=ROM_1P impl=LUTRAM
                                                                   ^
/home/pyuva001/R-Tree-Testbed/build/src/krnl_prj/solution1/.autopilot/db/krnlInsert.pp.0.cpp:13782:71: error: Invalid Directive: for current device, ROM_1P + LUTRAM is invalid combination for BIND_STORAGE's option 'type + impl' [clang-diagnostic-error]
#pragma HLS BIND_STORAGE variable=second_order_float::sin_cos_K0 type=ROM_1P impl=LUTRAM
                                                                      ^
/home/pyuva001/R-Tree-Testbed/build/src/krnl_prj/solution1/.autopilot/db/krnlInsert.pp.0.cpp:13783:71: error: Invalid Directive: for current device, ROM_1P + LUTRAM is invalid combination for BIND_STORAGE's option 'type + impl' [clang-diagnostic-error]
#pragma HLS BIND_STORAGE variable=second_order_float::sin_cos_K1 type=ROM_1P impl=LUTRAM
                                                                      ^
/home/pyuva001/R-Tree-Testbed/build/src/krnl_prj/solution1/.autopilot/db/krnlInsert.pp.0.cpp:13784:71: error: Invalid Directive: for current device, ROM_1P + LUTRAM is invalid combination for BIND_STORAGE's option 'type + impl' [clang-diagnostic-error]
#pragma HLS BIND_STORAGE variable=second_order_float::sin_cos_K2 type=ROM_1P impl=LUTRAM
                                                                      ^
/home/pyuva001/R-Tree-Testbed/build/src/krnl_prj/solution1/.autopilot/db/krnlInsert.pp.0.cpp:13811:67: error: Invalid Directive: for current device, ROM_1P + LUTRAM is invalid combination for BIND_STORAGE's option 'type + impl' [clang-diagnostic-error]
#pragma HLS BIND_STORAGE variable=second_order_float::cos_K0 type=ROM_1P impl=LUTRAM
                                                                  ^
/home/pyuva001/R-Tree-Testbed/build/src/krnl_prj/solution1/.autopilot/db/krnlInsert.pp.0.cpp:13812:67: error: Invalid Directive: for current device, ROM_1P + LUTRAM is invalid combination for BIND_STORAGE's option 'type + impl' [clang-diagnostic-error]
#pragma HLS BIND_STORAGE variable=second_order_float::cos_K1 type=ROM_1P impl=LUTRAM
                                                                  ^
/home/pyuva001/R-Tree-Testbed/build/src/krnl_prj/solution1/.autopilot/db/krnlInsert.pp.0.cpp:13813:67: error: Invalid Directive: for current device, ROM_1P + LUTRAM is invalid combination for BIND_STORAGE's option 'type + impl' [clang-diagnostic-error]
#pragma HLS BIND_STORAGE variable=second_order_float::cos_K2 type=ROM_1P impl=LUTRAM
                                                                  ^
/home/pyuva001/R-Tree-Testbed/build/src/krnl_prj/solution1/.autopilot/db/krnlInsert.pp.0.cpp:13814:67: error: Invalid Directive: for current device, ROM_1P + LUTRAM is invalid combination for BIND_STORAGE's option 'type + impl' [clang-diagnostic-error]
#pragma HLS BIND_STORAGE variable=second_order_float::sin_K0 type=ROM_1P impl=LUTRAM
                                                                  ^
/home/pyuva001/R-Tree-Testbed/build/src/krnl_prj/solution1/.autopilot/db/krnlInsert.pp.0.cpp:13815:67: error: Invalid Directive: for current device, ROM_1P + LUTRAM is invalid combination for BIND_STORAGE's option 'type + impl' [clang-diagnostic-error]
#pragma HLS BIND_STORAGE variable=second_order_float::sin_K1 type=ROM_1P impl=LUTRAM
                                                                  ^
/home/pyuva001/R-Tree-Testbed/build/src/krnl_prj/solution1/.autopilot/db/krnlInsert.pp.0.cpp:13816:67: error: Invalid Directive: for current device, ROM_1P + LUTRAM is invalid combination for BIND_STORAGE's option 'type + impl' [clang-diagnostic-error]
#pragma HLS BIND_STORAGE variable=second_order_float::sin_K2 type=ROM_1P impl=LUTRAM
                                                                  ^
/home/pyuva001/R-Tree-Testbed/build/src/krnl_prj/solution1/.autopilot/db/krnlInsert.pp.0.cpp:13852:73: error: Invalid Directive: for current device, ROM_1P + LUTRAM is invalid combination for BIND_STORAGE's option 'type + impl' [clang-diagnostic-error]
#pragma HLS BIND_STORAGE variable=first_order_fixed_16::sin_cos_K0 type=ROM_1P impl=LUTRAM
                                                                        ^
/home/pyuva001/R-Tree-Testbed/build/src/krnl_prj/solution1/.autopilot/db/krnlInsert.pp.0.cpp:13853:73: error: Invalid Directive: for current device, ROM_1P + LUTRAM is invalid combination for BIND_STORAGE's option 'type + impl' [clang-diagnostic-error]
#pragma HLS BIND_STORAGE variable=first_order_fixed_16::sin_cos_K1 type=ROM_1P impl=LUTRAM
                                                                        ^
/home/pyuva001/R-Tree-Testbed/build/src/krnl_prj/solution1/.autopilot/db/krnlInsert.pp.0.cpp:14127:5: warning: Added loop label VITIS_LOOP_87_1:   [xilinx-label-all-loops]
    for (int n=0; n<Nmax; n++){
    ^~~
    VITIS_LOOP_87_1: 
/home/pyuva001/R-Tree-Testbed/build/src/krnl_prj/solution1/.autopilot/db/krnlInsert.pp.0.cpp:14127:5: note: FIX-IT applied suggested code changes
/home/pyuva001/R-Tree-Testbed/build/src/krnl_prj/solution1/.autopilot/db/krnlInsert.pp.0.cpp:14173:5: warning: Added loop label VITIS_LOOP_143_1:   [xilinx-label-all-loops]
    for (int n=0; n<Nmax; n++){
    ^~~
    VITIS_LOOP_143_1: 
/home/pyuva001/R-Tree-Testbed/build/src/krnl_prj/solution1/.autopilot/db/krnlInsert.pp.0.cpp:14173:5: note: FIX-IT applied suggested code changes
/home/pyuva001/R-Tree-Testbed/build/src/krnl_prj/solution1/.autopilot/db/krnlInsert.pp.0.cpp:14336:9: warning: Added loop label VITIS_LOOP_315_1:   [xilinx-label-all-loops]
        for(int i=0;i<W-1;i++){
        ^~~
        VITIS_LOOP_315_1: 
/home/pyuva001/R-Tree-Testbed/build/src/krnl_prj/solution1/.autopilot/db/krnlInsert.pp.0.cpp:14336:9: note: FIX-IT applied suggested code changes
/home/pyuva001/R-Tree-Testbed/build/src/krnl_prj/solution1/.autopilot/db/krnlInsert.pp.0.cpp:14488:9: warning: Added loop label VITIS_LOOP_475_1:   [xilinx-label-all-loops]
        for(int i=0;i<W-1;i++){
        ^~~
        VITIS_LOOP_475_1: 
/home/pyuva001/R-Tree-Testbed/build/src/krnl_prj/solution1/.autopilot/db/krnlInsert.pp.0.cpp:14488:9: note: FIX-IT applied suggested code changes
/home/pyuva001/R-Tree-Testbed/build/src/krnl_prj/solution1/.autopilot/db/krnlInsert.pp.0.cpp:14668:5: warning: Added loop label VITIS_LOOP_655_1:   [xilinx-label-all-loops]
    for(int i=0;i<W+1;i++){
    ^~~
    VITIS_LOOP_655_1: 
/home/pyuva001/R-Tree-Testbed/build/src/krnl_prj/solution1/.autopilot/db/krnlInsert.pp.0.cpp:14668:5: note: FIX-IT applied suggested code changes
/home/pyuva001/R-Tree-Testbed/build/src/krnl_prj/solution1/.autopilot/db/krnlInsert.pp.0.cpp:14672:5: warning: Added loop label VITIS_LOOP_659_2:   [xilinx-label-all-loops]
    for(int i=0;i<W+1;i++){
    ^~~
    VITIS_LOOP_659_2: 
/home/pyuva001/R-Tree-Testbed/build/src/krnl_prj/solution1/.autopilot/db/krnlInsert.pp.0.cpp:14672:5: note: FIX-IT applied suggested code changes
/home/pyuva001/R-Tree-Testbed/build/src/krnl_prj/solution1/.autopilot/db/krnlInsert.pp.0.cpp:14782:5: warning: Added loop label VITIS_LOOP_769_1:   [xilinx-label-all-loops]
    for (int n=0; n<Nmax; n++){
    ^~~
    VITIS_LOOP_769_1: 
/home/pyuva001/R-Tree-Testbed/build/src/krnl_prj/solution1/.autopilot/db/krnlInsert.pp.0.cpp:14782:5: note: FIX-IT applied suggested code changes
/home/pyuva001/R-Tree-Testbed/build/src/krnl_prj/solution1/.autopilot/db/krnlInsert.pp.0.cpp:14872:7: warning: Added loop label VITIS_LOOP_866_1:   [xilinx-label-all-loops]
      for(int i=0;i<W-1;i++){
      ^~~
      VITIS_LOOP_866_1: 
/home/pyuva001/R-Tree-Testbed/build/src/krnl_prj/solution1/.autopilot/db/krnlInsert.pp.0.cpp:14872:7: note: FIX-IT applied suggested code changes
/home/pyuva001/R-Tree-Testbed/build/src/krnl_prj/solution1/.autopilot/db/krnlInsert.pp.0.cpp:14891:7: warning: Added loop label VITIS_LOOP_885_2:   [xilinx-label-all-loops]
      for(int i=0;i<W-1;i++){
      ^~~
      VITIS_LOOP_885_2: 
/home/pyuva001/R-Tree-Testbed/build/src/krnl_prj/solution1/.autopilot/db/krnlInsert.pp.0.cpp:14891:7: note: FIX-IT applied suggested code changes
/home/pyuva001/R-Tree-Testbed/build/src/krnl_prj/solution1/.autopilot/db/krnlInsert.pp.0.cpp:15181:5: warning: Added loop label VITIS_LOOP_1199_1:   [xilinx-label-all-loops]
    for(int i=0; i<Nmax; i++) {
    ^~~
    VITIS_LOOP_1199_1: 
/home/pyuva001/R-Tree-Testbed/build/src/krnl_prj/solution1/.autopilot/db/krnlInsert.pp.0.cpp:15181:5: note: FIX-IT applied suggested code changes
/home/pyuva001/R-Tree-Testbed/build/src/krnl_prj/solution1/.autopilot/db/krnlInsert.pp.0.cpp:15264:5: warning: Added loop label VITIS_LOOP_1282_1:   [xilinx-label-all-loops]
    for(int i=0; i<Nmax; i++) {
    ^~~
    VITIS_LOOP_1282_1: 
/home/pyuva001/R-Tree-Testbed/build/src/krnl_prj/solution1/.autopilot/db/krnlInsert.pp.0.cpp:15264:5: note: FIX-IT applied suggested code changes
/home/pyuva001/R-Tree-Testbed/build/src/krnl_prj/solution1/.autopilot/db/krnlInsert.pp.0.cpp:15670:13: warning: Added loop label VITIS_LOOP_94_1:   [xilinx-label-all-loops]
            for (int j = 3; j >= I_+1; j--) {
            ^~~
            VITIS_LOOP_94_1: 
/home/pyuva001/R-Tree-Testbed/build/src/krnl_prj/solution1/.autopilot/db/krnlInsert.pp.0.cpp:15670:13: note: FIX-IT applied suggested code changes
/home/pyuva001/R-Tree-Testbed/build/src/krnl_prj/solution1/.autopilot/db/krnlInsert.pp.0.cpp:15676:17: warning: Added loop label VITIS_LOOP_100_2:   [xilinx-label-all-loops]
                for (int j = 3; j >= I_+1; j--){
                ^~~
                VITIS_LOOP_100_2: 
/home/pyuva001/R-Tree-Testbed/build/src/krnl_prj/solution1/.autopilot/db/krnlInsert.pp.0.cpp:15676:17: note: FIX-IT applied suggested code changes
/home/pyuva001/R-Tree-Testbed/build/src/krnl_prj/solution1/.autopilot/db/krnlInsert.pp.0.cpp:15680:17: warning: Added loop label VITIS_LOOP_104_3:   [xilinx-label-all-loops]
                for (int j = I_; j >= 0; j--){
                ^~~
                VITIS_LOOP_104_3: 
/home/pyuva001/R-Tree-Testbed/build/src/krnl_prj/solution1/.autopilot/db/krnlInsert.pp.0.cpp:15680:17: note: FIX-IT applied suggested code changes
/home/pyuva001/R-Tree-Testbed/build/src/krnl_prj/solution1/.autopilot/db/krnlInsert.pp.0.cpp:15728:13: warning: Added loop label VITIS_LOOP_171_4:   [xilinx-label-all-loops]
            for (int j = 9; j >= I_+4; j--) {
            ^~~
            VITIS_LOOP_171_4: 
/home/pyuva001/R-Tree-Testbed/build/src/krnl_prj/solution1/.autopilot/db/krnlInsert.pp.0.cpp:15728:13: note: FIX-IT applied suggested code changes
/home/pyuva001/R-Tree-Testbed/build/src/krnl_prj/solution1/.autopilot/db/krnlInsert.pp.0.cpp:15734:17: warning: Added loop label VITIS_LOOP_177_5:   [xilinx-label-all-loops]
                for (int j = 9; j >= I_+4; j--){
                ^~~
                VITIS_LOOP_177_5: 
/home/pyuva001/R-Tree-Testbed/build/src/krnl_prj/solution1/.autopilot/db/krnlInsert.pp.0.cpp:15734:17: note: FIX-IT applied suggested code changes
/home/pyuva001/R-Tree-Testbed/build/src/krnl_prj/solution1/.autopilot/db/krnlInsert.pp.0.cpp:15738:17: warning: Added loop label VITIS_LOOP_181_6:   [xilinx-label-all-loops]
                for (int j = I_+3; j >= 0; j--){
                ^~~
                VITIS_LOOP_181_6: 
/home/pyuva001/R-Tree-Testbed/build/src/krnl_prj/solution1/.autopilot/db/krnlInsert.pp.0.cpp:15738:17: note: FIX-IT applied suggested code changes
/home/pyuva001/R-Tree-Testbed/build/src/krnl_prj/solution1/.autopilot/db/krnlInsert.pp.0.cpp:15753:9: warning: Added loop label VITIS_LOOP_196_7:   [xilinx-label-all-loops]
        for (int j = 14; j < 22; j++){
        ^~~
        VITIS_LOOP_196_7: 
/home/pyuva001/R-Tree-Testbed/build/src/krnl_prj/solution1/.autopilot/db/krnlInsert.pp.0.cpp:15753:9: note: FIX-IT applied suggested code changes
/home/pyuva001/R-Tree-Testbed/build/src/krnl_prj/solution1/.autopilot/db/krnlInsert.pp.0.cpp:15761:17: warning: Added loop label VITIS_LOOP_204_8:   [xilinx-label-all-loops]
                for (int j = 0; j < 22; j++){
                ^~~
                VITIS_LOOP_204_8: 
/home/pyuva001/R-Tree-Testbed/build/src/krnl_prj/solution1/.autopilot/db/krnlInsert.pp.0.cpp:15761:17: note: FIX-IT applied suggested code changes
/home/pyuva001/R-Tree-Testbed/build/src/krnl_prj/solution1/.autopilot/db/krnlInsert.pp.0.cpp:15826:13: warning: Added loop label VITIS_LOOP_269_9:   [xilinx-label-all-loops]
            for (int j = 21; j >= I_+10; j--) {
            ^~~
            VITIS_LOOP_269_9: 
/home/pyuva001/R-Tree-Testbed/build/src/krnl_prj/solution1/.autopilot/db/krnlInsert.pp.0.cpp:15826:13: note: FIX-IT applied suggested code changes
/home/pyuva001/R-Tree-Testbed/build/src/krnl_prj/solution1/.autopilot/db/krnlInsert.pp.0.cpp:15832:17: warning: Added loop label VITIS_LOOP_275_10:   [xilinx-label-all-loops]
                for (int j = 21; j >= I_+10; j--) {
                ^~~
                VITIS_LOOP_275_10: 
/home/pyuva001/R-Tree-Testbed/build/src/krnl_prj/solution1/.autopilot/db/krnlInsert.pp.0.cpp:15832:17: note: FIX-IT applied suggested code changes
/home/pyuva001/R-Tree-Testbed/build/src/krnl_prj/solution1/.autopilot/db/krnlInsert.pp.0.cpp:15836:17: warning: Added loop label VITIS_LOOP_279_11:   [xilinx-label-all-loops]
                for (int j = I_+9; j >= 0; j--) {
                ^~~
                VITIS_LOOP_279_11: 
/home/pyuva001/R-Tree-Testbed/build/src/krnl_prj/solution1/.autopilot/db/krnlInsert.pp.0.cpp:15836:17: note: FIX-IT applied suggested code changes
/home/pyuva001/R-Tree-Testbed/build/src/krnl_prj/solution1/.autopilot/db/krnlInsert.pp.0.cpp:15851:9: warning: Added loop label VITIS_LOOP_294_12:   [xilinx-label-all-loops]
        for (int j = 27; j < 46; j++){
        ^~~
        VITIS_LOOP_294_12: 
/home/pyuva001/R-Tree-Testbed/build/src/krnl_prj/solution1/.autopilot/db/krnlInsert.pp.0.cpp:15851:9: note: FIX-IT applied suggested code changes
/home/pyuva001/R-Tree-Testbed/build/src/krnl_prj/solution1/.autopilot/db/krnlInsert.pp.0.cpp:15859:17: warning: Added loop label VITIS_LOOP_302_13:   [xilinx-label-all-loops]
                for (int j = 0; j < 46; j++) {
                ^~~
                VITIS_LOOP_302_13: 
/home/pyuva001/R-Tree-Testbed/build/src/krnl_prj/solution1/.autopilot/db/krnlInsert.pp.0.cpp:15859:17: note: FIX-IT applied suggested code changes
/home/pyuva001/R-Tree-Testbed/build/src/krnl_prj/solution1/.autopilot/db/krnlInsert.pp.0.cpp:16088:13: warning: Added loop label VITIS_LOOP_531_14:   [xilinx-label-all-loops]
            for (int j = 45; j >= I_+22; j--) {
            ^~~
            VITIS_LOOP_531_14: 
/home/pyuva001/R-Tree-Testbed/build/src/krnl_prj/solution1/.autopilot/db/krnlInsert.pp.0.cpp:16088:13: note: FIX-IT applied suggested code changes
/home/pyuva001/R-Tree-Testbed/build/src/krnl_prj/solution1/.autopilot/db/krnlInsert.pp.0.cpp:16094:17: warning: Added loop label VITIS_LOOP_537_15:   [xilinx-label-all-loops]
                for (int j = 45; j >= I_+22; j--){
                ^~~
                VITIS_LOOP_537_15: 
/home/pyuva001/R-Tree-Testbed/build/src/krnl_prj/solution1/.autopilot/db/krnlInsert.pp.0.cpp:16094:17: note: FIX-IT applied suggested code changes
/home/pyuva001/R-Tree-Testbed/build/src/krnl_prj/solution1/.autopilot/db/krnlInsert.pp.0.cpp:16098:17: warning: Added loop label VITIS_LOOP_541_16:   [xilinx-label-all-loops]
                for (int j = I_+21; j >= 0; j--) {
                ^~~
                VITIS_LOOP_541_16: 
/home/pyuva001/R-Tree-Testbed/build/src/krnl_prj/solution1/.autopilot/db/krnlInsert.pp.0.cpp:16098:17: note: FIX-IT applied suggested code changes
/home/pyuva001/R-Tree-Testbed/build/src/krnl_prj/solution1/.autopilot/db/krnlInsert.pp.0.cpp:16108:9: warning: Added loop label VITIS_LOOP_551_17:   [xilinx-label-all-loops]
        for (int j = 32-F_; j < 32+I_; j++){
        ^~~
        VITIS_LOOP_551_17: 
/home/pyuva001/R-Tree-Testbed/build/src/krnl_prj/solution1/.autopilot/db/krnlInsert.pp.0.cpp:16108:9: note: FIX-IT applied suggested code changes
/home/pyuva001/R-Tree-Testbed/build/src/krnl_prj/solution1/.autopilot/db/krnlInsert.pp.0.cpp:16112:9: warning: Added loop label VITIS_LOOP_555_18:   [xilinx-label-all-loops]
        for (int j = 32+I_; j <= 64; j++){
        ^~~
        VITIS_LOOP_555_18: 
/home/pyuva001/R-Tree-Testbed/build/src/krnl_prj/solution1/.autopilot/db/krnlInsert.pp.0.cpp:16112:9: note: FIX-IT applied suggested code changes
/home/pyuva001/R-Tree-Testbed/build/src/krnl_prj/solution1/.autopilot/db/krnlInsert.pp.0.cpp:16122:9: warning: Added loop label VITIS_LOOP_565_19:   [xilinx-label-all-loops]
        for (int j = 37; j < 64; j++) {
        ^~~
        VITIS_LOOP_565_19: 
/home/pyuva001/R-Tree-Testbed/build/src/krnl_prj/solution1/.autopilot/db/krnlInsert.pp.0.cpp:16122:9: note: FIX-IT applied suggested code changes
/home/pyuva001/R-Tree-Testbed/build/src/krnl_prj/solution1/.autopilot/db/krnlInsert.pp.0.cpp:16130:17: warning: Added loop label VITIS_LOOP_573_20:   [xilinx-label-all-loops]
                for (int j = 0; j < 64; j++){
                ^~~
                VITIS_LOOP_573_20: 
/home/pyuva001/R-Tree-Testbed/build/src/krnl_prj/solution1/.autopilot/db/krnlInsert.pp.0.cpp:16130:17: note: FIX-IT applied suggested code changes
/home/pyuva001/R-Tree-Testbed/build/src/krnl_prj/solution1/.autopilot/db/krnlInsert.pp.0.cpp:16491:13: warning: Added loop label VITIS_LOOP_934_21:   [xilinx-label-all-loops]
            for (int j = 63; j >= I_+31; j--) {
            ^~~
            VITIS_LOOP_934_21: 
/home/pyuva001/R-Tree-Testbed/build/src/krnl_prj/solution1/.autopilot/db/krnlInsert.pp.0.cpp:16491:13: note: FIX-IT applied suggested code changes
/home/pyuva001/R-Tree-Testbed/build/src/krnl_prj/solution1/.autopilot/db/krnlInsert.pp.0.cpp:16497:17: warning: Added loop label VITIS_LOOP_940_22:   [xilinx-label-all-loops]
                for (int j = 63; j >= I_+31; j--) {
                ^~~
                VITIS_LOOP_940_22: 
/home/pyuva001/R-Tree-Testbed/build/src/krnl_prj/solution1/.autopilot/db/krnlInsert.pp.0.cpp:16497:17: note: FIX-IT applied suggested code changes
/home/pyuva001/R-Tree-Testbed/build/src/krnl_prj/solution1/.autopilot/db/krnlInsert.pp.0.cpp:16501:17: warning: Added loop label VITIS_LOOP_944_23:   [xilinx-label-all-loops]
                for (int j = I_+30; j >= 0; j--) {
                ^~~
                VITIS_LOOP_944_23: 
/home/pyuva001/R-Tree-Testbed/build/src/krnl_prj/solution1/.autopilot/db/krnlInsert.pp.0.cpp:16501:17: note: FIX-IT applied suggested code changes
/home/pyuva001/R-Tree-Testbed/build/src/krnl_prj/solution1/.autopilot/db/krnlInsert.pp.0.cpp:16617:13: warning: Added loop label VITIS_LOOP_1060_1:   [xilinx-label-all-loops]
            for (int j = 4; j >= I_+1; j--) {
            ^~~
            VITIS_LOOP_1060_1: 
/home/pyuva001/R-Tree-Testbed/build/src/krnl_prj/solution1/.autopilot/db/krnlInsert.pp.0.cpp:16617:13: note: FIX-IT applied suggested code changes
/home/pyuva001/R-Tree-Testbed/build/src/krnl_prj/solution1/.autopilot/db/krnlInsert.pp.0.cpp:16623:17: warning: Added loop label VITIS_LOOP_1066_2:   [xilinx-label-all-loops]
                for (int j = 4; j >= I_+1; j--) {
                ^~~
                VITIS_LOOP_1066_2: 
/home/pyuva001/R-Tree-Testbed/build/src/krnl_prj/solution1/.autopilot/db/krnlInsert.pp.0.cpp:16623:17: note: FIX-IT applied suggested code changes
/home/pyuva001/R-Tree-Testbed/build/src/krnl_prj/solution1/.autopilot/db/krnlInsert.pp.0.cpp:16627:17: warning: Added loop label VITIS_LOOP_1070_3:   [xilinx-label-all-loops]
                for (int j = I_; j >= 0; j--) {
                ^~~
                VITIS_LOOP_1070_3: 
/home/pyuva001/R-Tree-Testbed/build/src/krnl_prj/solution1/.autopilot/db/krnlInsert.pp.0.cpp:16627:17: note: FIX-IT applied suggested code changes
/home/pyuva001/R-Tree-Testbed/build/src/krnl_prj/solution1/.autopilot/db/krnlInsert.pp.0.cpp:16714:13: warning: Added loop label VITIS_LOOP_1157_4:   [xilinx-label-all-loops]
            for (int j = 10; j >= I_+4; j--) {
            ^~~
            VITIS_LOOP_1157_4: 
/home/pyuva001/R-Tree-Testbed/build/src/krnl_prj/solution1/.autopilot/db/krnlInsert.pp.0.cpp:16714:13: note: FIX-IT applied suggested code changes
/home/pyuva001/R-Tree-Testbed/build/src/krnl_prj/solution1/.autopilot/db/krnlInsert.pp.0.cpp:16720:17: warning: Added loop label VITIS_LOOP_1163_5:   [xilinx-label-all-loops]
                for (int j = 10; j >= I_+4; j--) {
                ^~~
                VITIS_LOOP_1163_5: 
/home/pyuva001/R-Tree-Testbed/build/src/krnl_prj/solution1/.autopilot/db/krnlInsert.pp.0.cpp:16720:17: note: FIX-IT applied suggested code changes
/home/pyuva001/R-Tree-Testbed/build/src/krnl_prj/solution1/.autopilot/db/krnlInsert.pp.0.cpp:16724:17: warning: Added loop label VITIS_LOOP_1167_6:   [xilinx-label-all-loops]
                for (int j = I_+3; j >= 0; j--) {
                ^~~
                VITIS_LOOP_1167_6: 
/home/pyuva001/R-Tree-Testbed/build/src/krnl_prj/solution1/.autopilot/db/krnlInsert.pp.0.cpp:16724:17: note: FIX-IT applied suggested code changes
/home/pyuva001/R-Tree-Testbed/build/src/krnl_prj/solution1/.autopilot/db/krnlInsert.pp.0.cpp:16743:9: warning: Added loop label VITIS_LOOP_1186_7:   [xilinx-label-all-loops]
        for (int j = wf+3; j < w-1; j++) {
        ^~~
        VITIS_LOOP_1186_7: 
/home/pyuva001/R-Tree-Testbed/build/src/krnl_prj/solution1/.autopilot/db/krnlInsert.pp.0.cpp:16743:9: note: FIX-IT applied suggested code changes
/home/pyuva001/R-Tree-Testbed/build/src/krnl_prj/solution1/.autopilot/db/krnlInsert.pp.0.cpp:16750:17: warning: Added loop label VITIS_LOOP_1193_8:   [xilinx-label-all-loops]
                for (int j = 0; j < 22; j++) {
                ^~~
                VITIS_LOOP_1193_8: 
/home/pyuva001/R-Tree-Testbed/build/src/krnl_prj/solution1/.autopilot/db/krnlInsert.pp.0.cpp:16750:17: note: FIX-IT applied suggested code changes
/home/pyuva001/R-Tree-Testbed/build/src/krnl_prj/solution1/.autopilot/db/krnlInsert.pp.0.cpp:16866:13: warning: Added loop label VITIS_LOOP_1309_9:   [xilinx-label-all-loops]
            for (int j = 22; j >= I_+10; j--) {
            ^~~
            VITIS_LOOP_1309_9: 
/home/pyuva001/R-Tree-Testbed/build/src/krnl_prj/solution1/.autopilot/db/krnlInsert.pp.0.cpp:16866:13: note: FIX-IT applied suggested code changes
/home/pyuva001/R-Tree-Testbed/build/src/krnl_prj/solution1/.autopilot/db/krnlInsert.pp.0.cpp:16872:17: warning: Added loop label VITIS_LOOP_1315_10:   [xilinx-label-all-loops]
                for (int j = 22; j >= I_+10; j--){
                ^~~
                VITIS_LOOP_1315_10: 
/home/pyuva001/R-Tree-Testbed/build/src/krnl_prj/solution1/.autopilot/db/krnlInsert.pp.0.cpp:16872:17: note: FIX-IT applied suggested code changes
/home/pyuva001/R-Tree-Testbed/build/src/krnl_prj/solution1/.autopilot/db/krnlInsert.pp.0.cpp:16876:17: warning: Added loop label VITIS_LOOP_1319_11:   [xilinx-label-all-loops]
                for (int j = I_+9; j >= 0; j--) {
                ^~~
                VITIS_LOOP_1319_11: 
/home/pyuva001/R-Tree-Testbed/build/src/krnl_prj/solution1/.autopilot/db/krnlInsert.pp.0.cpp:16876:17: note: FIX-IT applied suggested code changes
/home/pyuva001/R-Tree-Testbed/build/src/krnl_prj/solution1/.autopilot/db/krnlInsert.pp.0.cpp:16896:9: warning: Added loop label VITIS_LOOP_1339_12:   [xilinx-label-all-loops]
        for (int j = wf+4; j < w-1; j++){
        ^~~
        VITIS_LOOP_1339_12: 
/home/pyuva001/R-Tree-Testbed/build/src/krnl_prj/solution1/.autopilot/db/krnlInsert.pp.0.cpp:16896:9: note: FIX-IT applied suggested code changes
/home/pyuva001/R-Tree-Testbed/build/src/krnl_prj/solution1/.autopilot/db/krnlInsert.pp.0.cpp:16903:17: warning: Added loop label VITIS_LOOP_1346_13:   [xilinx-label-all-loops]
                for (int j = 0; j < 46; j++) {
                ^~~
                VITIS_LOOP_1346_13: 
/home/pyuva001/R-Tree-Testbed/build/src/krnl_prj/solution1/.autopilot/db/krnlInsert.pp.0.cpp:16903:17: note: FIX-IT applied suggested code changes
/home/pyuva001/R-Tree-Testbed/build/src/krnl_prj/solution1/.autopilot/db/krnlInsert.pp.0.cpp:17165:13: warning: Added loop label VITIS_LOOP_1608_14:   [xilinx-label-all-loops]
            for (int j = 46; j >= I_+22; j--) {
            ^~~
            VITIS_LOOP_1608_14: 
/home/pyuva001/R-Tree-Testbed/build/src/krnl_prj/solution1/.autopilot/db/krnlInsert.pp.0.cpp:17165:13: note: FIX-IT applied suggested code changes
/home/pyuva001/R-Tree-Testbed/build/src/krnl_prj/solution1/.autopilot/db/krnlInsert.pp.0.cpp:17171:17: warning: Added loop label VITIS_LOOP_1614_15:   [xilinx-label-all-loops]
                for (int j = 46; j >= I_+22; j--) {
                ^~~
                VITIS_LOOP_1614_15: 
/home/pyuva001/R-Tree-Testbed/build/src/krnl_prj/solution1/.autopilot/db/krnlInsert.pp.0.cpp:17171:17: note: FIX-IT applied suggested code changes
/home/pyuva001/R-Tree-Testbed/build/src/krnl_prj/solution1/.autopilot/db/krnlInsert.pp.0.cpp:17175:17: warning: Added loop label VITIS_LOOP_1618_16:   [xilinx-label-all-loops]
                for (int j = I_+21; j >= 0; j--) {
                ^~~
                VITIS_LOOP_1618_16: 
/home/pyuva001/R-Tree-Testbed/build/src/krnl_prj/solution1/.autopilot/db/krnlInsert.pp.0.cpp:17175:17: note: FIX-IT applied suggested code changes
/home/pyuva001/R-Tree-Testbed/build/src/krnl_prj/solution1/.autopilot/db/krnlInsert.pp.0.cpp:17199:9: warning: Added loop label VITIS_LOOP_1642_17:   [xilinx-label-all-loops]
        for (int j = wf+5; j < w-1; j++){
        ^~~
        VITIS_LOOP_1642_17: 
/home/pyuva001/R-Tree-Testbed/build/src/krnl_prj/solution1/.autopilot/db/krnlInsert.pp.0.cpp:17199:9: note: FIX-IT applied suggested code changes
/home/pyuva001/R-Tree-Testbed/build/src/krnl_prj/solution1/.autopilot/db/krnlInsert.pp.0.cpp:17206:17: warning: Added loop label VITIS_LOOP_1649_18:   [xilinx-label-all-loops]
                for (int j = 0; j < 64; j++) {
                ^~~
                VITIS_LOOP_1649_18: 
/home/pyuva001/R-Tree-Testbed/build/src/krnl_prj/solution1/.autopilot/db/krnlInsert.pp.0.cpp:17206:17: note: FIX-IT applied suggested code changes
/home/pyuva001/R-Tree-Testbed/build/src/krnl_prj/solution1/.autopilot/db/krnlInsert.pp.0.cpp:17636:13: warning: Added loop label VITIS_LOOP_2079_19:   [xilinx-label-all-loops]
            for (int j = 64; j >= I_+31; j--) {
            ^~~
            VITIS_LOOP_2079_19: 
/home/pyuva001/R-Tree-Testbed/build/src/krnl_prj/solution1/.autopilot/db/krnlInsert.pp.0.cpp:17636:13: note: FIX-IT applied suggested code changes
/home/pyuva001/R-Tree-Testbed/build/src/krnl_prj/solution1/.autopilot/db/krnlInsert.pp.0.cpp:17642:17: warning: Added loop label VITIS_LOOP_2085_20:   [xilinx-label-all-loops]
                for (int j = 64; j >= I_+31; j--) {
                ^~~
                VITIS_LOOP_2085_20: 
/home/pyuva001/R-Tree-Testbed/build/src/krnl_prj/solution1/.autopilot/db/krnlInsert.pp.0.cpp:17642:17: note: FIX-IT applied suggested code changes
/home/pyuva001/R-Tree-Testbed/build/src/krnl_prj/solution1/.autopilot/db/krnlInsert.pp.0.cpp:17646:17: warning: Added loop label VITIS_LOOP_2089_21:   [xilinx-label-all-loops]
                for (int j = I_+30; j >= 0; j--) {
                ^~~
                VITIS_LOOP_2089_21: 
/home/pyuva001/R-Tree-Testbed/build/src/krnl_prj/solution1/.autopilot/db/krnlInsert.pp.0.cpp:17646:17: note: FIX-IT applied suggested code changes
/home/pyuva001/R-Tree-Testbed/build/src/krnl_prj/solution1/.autopilot/db/krnlInsert.pp.0.cpp:17776:13: warning: Added loop label VITIS_LOOP_2219_1:   [xilinx-label-all-loops]
            for(int j=3; j>=I+1; j--) {
            ^~~
            VITIS_LOOP_2219_1: 
/home/pyuva001/R-Tree-Testbed/build/src/krnl_prj/solution1/.autopilot/db/krnlInsert.pp.0.cpp:17776:13: note: FIX-IT applied suggested code changes
/home/pyuva001/R-Tree-Testbed/build/src/krnl_prj/solution1/.autopilot/db/krnlInsert.pp.0.cpp:17783:17: warning: Added loop label VITIS_LOOP_2226_2:   [xilinx-label-all-loops]
                for(int j=3; j>=I+1; j--) {
                ^~~
                VITIS_LOOP_2226_2: 
/home/pyuva001/R-Tree-Testbed/build/src/krnl_prj/solution1/.autopilot/db/krnlInsert.pp.0.cpp:17783:17: note: FIX-IT applied suggested code changes
/home/pyuva001/R-Tree-Testbed/build/src/krnl_prj/solution1/.autopilot/db/krnlInsert.pp.0.cpp:17787:17: warning: Added loop label VITIS_LOOP_2230_3:   [xilinx-label-all-loops]
                for(int j=I; j>=0; j--) {
                ^~~
                VITIS_LOOP_2230_3: 
/home/pyuva001/R-Tree-Testbed/build/src/krnl_prj/solution1/.autopilot/db/krnlInsert.pp.0.cpp:17787:17: note: FIX-IT applied suggested code changes
/home/pyuva001/R-Tree-Testbed/build/src/krnl_prj/solution1/.autopilot/db/krnlInsert.pp.0.cpp:17834:13: warning: Added loop label VITIS_LOOP_2277_4:   [xilinx-label-all-loops]
            for(int j=7; j>=3+I; j--) {
            ^~~
            VITIS_LOOP_2277_4: 
/home/pyuva001/R-Tree-Testbed/build/src/krnl_prj/solution1/.autopilot/db/krnlInsert.pp.0.cpp:17834:13: note: FIX-IT applied suggested code changes
/home/pyuva001/R-Tree-Testbed/build/src/krnl_prj/solution1/.autopilot/db/krnlInsert.pp.0.cpp:17841:17: warning: Added loop label VITIS_LOOP_2284_5:   [xilinx-label-all-loops]
                for(int j=7; j>=3+I; j--) {
                ^~~
                VITIS_LOOP_2284_5: 
/home/pyuva001/R-Tree-Testbed/build/src/krnl_prj/solution1/.autopilot/db/krnlInsert.pp.0.cpp:17841:17: note: FIX-IT applied suggested code changes
/home/pyuva001/R-Tree-Testbed/build/src/krnl_prj/solution1/.autopilot/db/krnlInsert.pp.0.cpp:17845:17: warning: Added loop label VITIS_LOOP_2288_6:   [xilinx-label-all-loops]
                for(int j=I+2; j>=0; j--) {
                ^~~
                VITIS_LOOP_2288_6: 
/home/pyuva001/R-Tree-Testbed/build/src/krnl_prj/solution1/.autopilot/db/krnlInsert.pp.0.cpp:17845:17: note: FIX-IT applied suggested code changes
/home/pyuva001/R-Tree-Testbed/build/src/krnl_prj/solution1/.autopilot/db/krnlInsert.pp.0.cpp:17863:9: warning: Added loop label VITIS_LOOP_2306_7:   [xilinx-label-all-loops]
        for(int j=11; j<16; j++) {
        ^~~
        VITIS_LOOP_2306_7: 
/home/pyuva001/R-Tree-Testbed/build/src/krnl_prj/solution1/.autopilot/db/krnlInsert.pp.0.cpp:17863:9: note: FIX-IT applied suggested code changes
/home/pyuva001/R-Tree-Testbed/build/src/krnl_prj/solution1/.autopilot/db/krnlInsert.pp.0.cpp:17918:13: warning: Added loop label VITIS_LOOP_2361_8:   [xilinx-label-all-loops]
            for(int j=15; j>=7+I; j--) {
            ^~~
            VITIS_LOOP_2361_8: 
/home/pyuva001/R-Tree-Testbed/build/src/krnl_prj/solution1/.autopilot/db/krnlInsert.pp.0.cpp:17918:13: note: FIX-IT applied suggested code changes
/home/pyuva001/R-Tree-Testbed/build/src/krnl_prj/solution1/.autopilot/db/krnlInsert.pp.0.cpp:17925:17: warning: Added loop label VITIS_LOOP_2368_9:   [xilinx-label-all-loops]
                for(int j=15; j>=7+I; j--) {
                ^~~
                VITIS_LOOP_2368_9: 
/home/pyuva001/R-Tree-Testbed/build/src/krnl_prj/solution1/.autopilot/db/krnlInsert.pp.0.cpp:17925:17: note: FIX-IT applied suggested code changes
/home/pyuva001/R-Tree-Testbed/build/src/krnl_prj/solution1/.autopilot/db/krnlInsert.pp.0.cpp:17929:17: warning: Added loop label VITIS_LOOP_2372_10:   [xilinx-label-all-loops]
                for(int j=6+I; j>=0; j--) {
                ^~~
                VITIS_LOOP_2372_10: 
/home/pyuva001/R-Tree-Testbed/build/src/krnl_prj/solution1/.autopilot/db/krnlInsert.pp.0.cpp:17929:17: note: FIX-IT applied suggested code changes
/home/pyuva001/R-Tree-Testbed/build/src/krnl_prj/solution1/.autopilot/db/krnlInsert.pp.0.cpp:17947:9: warning: Added loop label VITIS_LOOP_2390_11:   [xilinx-label-all-loops]
        for(int j=20; j<32; j++) {
        ^~~
        VITIS_LOOP_2390_11: 
/home/pyuva001/R-Tree-Testbed/build/src/krnl_prj/solution1/.autopilot/db/krnlInsert.pp.0.cpp:17947:9: note: FIX-IT applied suggested code changes
/home/pyuva001/R-Tree-Testbed/build/src/krnl_prj/solution1/.autopilot/db/krnlInsert.pp.0.cpp:18036:13: warning: Added loop label VITIS_LOOP_2479_12:   [xilinx-label-all-loops]
            for(int j=31; j>=I+15; j--) {
            ^~~
            VITIS_LOOP_2479_12: 
/home/pyuva001/R-Tree-Testbed/build/src/krnl_prj/solution1/.autopilot/db/krnlInsert.pp.0.cpp:18036:13: note: FIX-IT applied suggested code changes
/home/pyuva001/R-Tree-Testbed/build/src/krnl_prj/solution1/.autopilot/db/krnlInsert.pp.0.cpp:18043:17: warning: Added loop label VITIS_LOOP_2486_13:   [xilinx-label-all-loops]
                for(int j=31; j>=I+15; j--) {
                ^~~
                VITIS_LOOP_2486_13: 
/home/pyuva001/R-Tree-Testbed/build/src/krnl_prj/solution1/.autopilot/db/krnlInsert.pp.0.cpp:18043:17: note: FIX-IT applied suggested code changes
/home/pyuva001/R-Tree-Testbed/build/src/krnl_prj/solution1/.autopilot/db/krnlInsert.pp.0.cpp:18047:17: warning: Added loop label VITIS_LOOP_2490_14:   [xilinx-label-all-loops]
                for(int j=I+14; j>=0; j--) {
                ^~~
                VITIS_LOOP_2490_14: 
/home/pyuva001/R-Tree-Testbed/build/src/krnl_prj/solution1/.autopilot/db/krnlInsert.pp.0.cpp:18047:17: note: FIX-IT applied suggested code changes
/home/pyuva001/R-Tree-Testbed/build/src/krnl_prj/solution1/.autopilot/db/krnlInsert.pp.0.cpp:18057:9: warning: Added loop label VITIS_LOOP_2500_15:   [xilinx-label-all-loops]
        for(int j=32-F; j<32+I; j++) {
        ^~~
        VITIS_LOOP_2500_15: 
/home/pyuva001/R-Tree-Testbed/build/src/krnl_prj/solution1/.autopilot/db/krnlInsert.pp.0.cpp:18057:9: note: FIX-IT applied suggested code changes
/home/pyuva001/R-Tree-Testbed/build/src/krnl_prj/solution1/.autopilot/db/krnlInsert.pp.0.cpp:18061:9: warning: Added loop label VITIS_LOOP_2504_16:   [xilinx-label-all-loops]
        for(int j=32+I; j<=64; j++) {
        ^~~
        VITIS_LOOP_2504_16: 
/home/pyuva001/R-Tree-Testbed/build/src/krnl_prj/solution1/.autopilot/db/krnlInsert.pp.0.cpp:18061:9: note: FIX-IT applied suggested code changes
/home/pyuva001/R-Tree-Testbed/build/src/krnl_prj/solution1/.autopilot/db/krnlInsert.pp.0.cpp:18072:9: warning: Added loop label VITIS_LOOP_2515_17:   [xilinx-label-all-loops]
        for(int j=37; j<64; j++) {
        ^~~
        VITIS_LOOP_2515_17: 
/home/pyuva001/R-Tree-Testbed/build/src/krnl_prj/solution1/.autopilot/db/krnlInsert.pp.0.cpp:18072:9: note: FIX-IT applied suggested code changes
/home/pyuva001/R-Tree-Testbed/build/src/krnl_prj/solution1/.autopilot/db/krnlInsert.pp.0.cpp:18080:17: warning: Added loop label VITIS_LOOP_2523_18:   [xilinx-label-all-loops]
                for(int j=0; j<64; j++) {
                ^~~
                VITIS_LOOP_2523_18: 
/home/pyuva001/R-Tree-Testbed/build/src/krnl_prj/solution1/.autopilot/db/krnlInsert.pp.0.cpp:18080:17: note: FIX-IT applied suggested code changes
/home/pyuva001/R-Tree-Testbed/build/src/krnl_prj/solution1/.autopilot/db/krnlInsert.pp.0.cpp:18405:13: warning: Added loop label VITIS_LOOP_2848_19:   [xilinx-label-all-loops]
            for(int j=63; j>=I+31; j--) {
            ^~~
            VITIS_LOOP_2848_19: 
/home/pyuva001/R-Tree-Testbed/build/src/krnl_prj/solution1/.autopilot/db/krnlInsert.pp.0.cpp:18405:13: note: FIX-IT applied suggested code changes
/home/pyuva001/R-Tree-Testbed/build/src/krnl_prj/solution1/.autopilot/db/krnlInsert.pp.0.cpp:18412:17: warning: Added loop label VITIS_LOOP_2855_20:   [xilinx-label-all-loops]
                for(int j=63; j>=I+31; j--) {
                ^~~
                VITIS_LOOP_2855_20: 
/home/pyuva001/R-Tree-Testbed/build/src/krnl_prj/solution1/.autopilot/db/krnlInsert.pp.0.cpp:18412:17: note: FIX-IT applied suggested code changes
/home/pyuva001/R-Tree-Testbed/build/src/krnl_prj/solution1/.autopilot/db/krnlInsert.pp.0.cpp:18416:17: warning: Added loop label VITIS_LOOP_2859_21:   [xilinx-label-all-loops]
                for(int j=I+30; j>=0; j--) {
                ^~~
                VITIS_LOOP_2859_21: 
/home/pyuva001/R-Tree-Testbed/build/src/krnl_prj/solution1/.autopilot/db/krnlInsert.pp.0.cpp:18416:17: note: FIX-IT applied suggested code changes
/home/pyuva001/R-Tree-Testbed/build/src/krnl_prj/solution1/.autopilot/db/krnlInsert.pp.0.cpp:18504:4: warning: Added loop label VITIS_LOOP_2947_1:   [xilinx-label-all-loops]
   for(int j = 5; j>=I_+2; j--) {
   ^~~
   VITIS_LOOP_2947_1: 
/home/pyuva001/R-Tree-Testbed/build/src/krnl_prj/solution1/.autopilot/db/krnlInsert.pp.0.cpp:18504:4: note: FIX-IT applied suggested code changes
/home/pyuva001/R-Tree-Testbed/build/src/krnl_prj/solution1/.autopilot/db/krnlInsert.pp.0.cpp:18511:5: warning: Added loop label VITIS_LOOP_2954_2:   [xilinx-label-all-loops]
    for(int j = 5; j>=I_+2; j--) {
    ^~~
    VITIS_LOOP_2954_2: 
/home/pyuva001/R-Tree-Testbed/build/src/krnl_prj/solution1/.autopilot/db/krnlInsert.pp.0.cpp:18511:5: note: FIX-IT applied suggested code changes
/home/pyuva001/R-Tree-Testbed/build/src/krnl_prj/solution1/.autopilot/db/krnlInsert.pp.0.cpp:18515:5: warning: Added loop label VITIS_LOOP_2958_3:   [xilinx-label-all-loops]
    for(int j = I_+1; j>=0; j--) {
    ^~~
    VITIS_LOOP_2958_3: 
/home/pyuva001/R-Tree-Testbed/build/src/krnl_prj/solution1/.autopilot/db/krnlInsert.pp.0.cpp:18515:5: note: FIX-IT applied suggested code changes
/home/pyuva001/R-Tree-Testbed/build/src/krnl_prj/solution1/.autopilot/db/krnlInsert.pp.0.cpp:18530:3: warning: Added loop label VITIS_LOOP_2973_4:   [xilinx-label-all-loops]
  for(int j = 11; j >=7; j--) {
  ^~~
  VITIS_LOOP_2973_4: 
/home/pyuva001/R-Tree-Testbed/build/src/krnl_prj/solution1/.autopilot/db/krnlInsert.pp.0.cpp:18530:3: note: FIX-IT applied suggested code changes
/home/pyuva001/R-Tree-Testbed/build/src/krnl_prj/solution1/.autopilot/db/krnlInsert.pp.0.cpp:18562:4: warning: Added loop label VITIS_LOOP_3005_5:   [xilinx-label-all-loops]
   for(int j = 11; j >= I_+5; j--) {
   ^~~
   VITIS_LOOP_3005_5: 
/home/pyuva001/R-Tree-Testbed/build/src/krnl_prj/solution1/.autopilot/db/krnlInsert.pp.0.cpp:18562:4: note: FIX-IT applied suggested code changes
/home/pyuva001/R-Tree-Testbed/build/src/krnl_prj/solution1/.autopilot/db/krnlInsert.pp.0.cpp:18569:5: warning: Added loop label VITIS_LOOP_3012_6:   [xilinx-label-all-loops]
    for(int j = 11; j>= I_+5; j--) {
    ^~~
    VITIS_LOOP_3012_6: 
/home/pyuva001/R-Tree-Testbed/build/src/krnl_prj/solution1/.autopilot/db/krnlInsert.pp.0.cpp:18569:5: note: FIX-IT applied suggested code changes
/home/pyuva001/R-Tree-Testbed/build/src/krnl_prj/solution1/.autopilot/db/krnlInsert.pp.0.cpp:18573:5: warning: Added loop label VITIS_LOOP_3016_7:   [xilinx-label-all-loops]
    for(int j = I_+4; j>=0; j--) {
    ^~~
    VITIS_LOOP_3016_7: 
/home/pyuva001/R-Tree-Testbed/build/src/krnl_prj/solution1/.autopilot/db/krnlInsert.pp.0.cpp:18573:5: note: FIX-IT applied suggested code changes
/home/pyuva001/R-Tree-Testbed/build/src/krnl_prj/solution1/.autopilot/db/krnlInsert.pp.0.cpp:18588:3: warning: Added loop label VITIS_LOOP_3031_8:   [xilinx-label-all-loops]
  for(int j = 25; j>=15; j--) {
  ^~~
  VITIS_LOOP_3031_8: 
/home/pyuva001/R-Tree-Testbed/build/src/krnl_prj/solution1/.autopilot/db/krnlInsert.pp.0.cpp:18588:3: note: FIX-IT applied suggested code changes
/home/pyuva001/R-Tree-Testbed/build/src/krnl_prj/solution1/.autopilot/db/krnlInsert.pp.0.cpp:18638:4: warning: Added loop label VITIS_LOOP_3081_9:   [xilinx-label-all-loops]
   for(int j = 25; j>= I_+12; j--) {
   ^~~
   VITIS_LOOP_3081_9: 
/home/pyuva001/R-Tree-Testbed/build/src/krnl_prj/solution1/.autopilot/db/krnlInsert.pp.0.cpp:18638:4: note: FIX-IT applied suggested code changes
/home/pyuva001/R-Tree-Testbed/build/src/krnl_prj/solution1/.autopilot/db/krnlInsert.pp.0.cpp:18645:5: warning: Added loop label VITIS_LOOP_3088_10:   [xilinx-label-all-loops]
    for(int j = 25; j>=I_+12; j--) {
    ^~~
    VITIS_LOOP_3088_10: 
/home/pyuva001/R-Tree-Testbed/build/src/krnl_prj/solution1/.autopilot/db/krnlInsert.pp.0.cpp:18645:5: note: FIX-IT applied suggested code changes
/home/pyuva001/R-Tree-Testbed/build/src/krnl_prj/solution1/.autopilot/db/krnlInsert.pp.0.cpp:18649:5: warning: Added loop label VITIS_LOOP_3092_11:   [xilinx-label-all-loops]
    for(int j = I_+11; j>=0; j--) {
    ^~~
    VITIS_LOOP_3092_11: 
/home/pyuva001/R-Tree-Testbed/build/src/krnl_prj/solution1/.autopilot/db/krnlInsert.pp.0.cpp:18649:5: note: FIX-IT applied suggested code changes
/home/pyuva001/R-Tree-Testbed/build/src/krnl_prj/solution1/.autopilot/db/krnlInsert.pp.0.cpp:18664:3: warning: Added loop label VITIS_LOOP_3107_12:   [xilinx-label-all-loops]
  for(int j = 51; j >= 29; j--) {
  ^~~
  VITIS_LOOP_3107_12: 
/home/pyuva001/R-Tree-Testbed/build/src/krnl_prj/solution1/.autopilot/db/krnlInsert.pp.0.cpp:18664:3: note: FIX-IT applied suggested code changes
/home/pyuva001/R-Tree-Testbed/build/src/krnl_prj/solution1/.autopilot/db/krnlInsert.pp.0.cpp:18801:4: warning: Added loop label VITIS_LOOP_3244_13:   [xilinx-label-all-loops]
   for(int j = 51; j >= 25 + I_; j--) {
   ^~~
   VITIS_LOOP_3244_13: 
/home/pyuva001/R-Tree-Testbed/build/src/krnl_prj/solution1/.autopilot/db/krnlInsert.pp.0.cpp:18801:4: note: FIX-IT applied suggested code changes
/home/pyuva001/R-Tree-Testbed/build/src/krnl_prj/solution1/.autopilot/db/krnlInsert.pp.0.cpp:18808:5: warning: Added loop label VITIS_LOOP_3251_14:   [xilinx-label-all-loops]
    for(int j = 51; j>=25 + I_; j--) {
    ^~~
    VITIS_LOOP_3251_14: 
/home/pyuva001/R-Tree-Testbed/build/src/krnl_prj/solution1/.autopilot/db/krnlInsert.pp.0.cpp:18808:5: note: FIX-IT applied suggested code changes
/home/pyuva001/R-Tree-Testbed/build/src/krnl_prj/solution1/.autopilot/db/krnlInsert.pp.0.cpp:18812:5: warning: Added loop label VITIS_LOOP_3255_15:   [xilinx-label-all-loops]
    for(int j = 24 + I_; j >= 0; j--) {
    ^~~
    VITIS_LOOP_3255_15: 
/home/pyuva001/R-Tree-Testbed/build/src/krnl_prj/solution1/.autopilot/db/krnlInsert.pp.0.cpp:18812:5: note: FIX-IT applied suggested code changes
/home/pyuva001/R-Tree-Testbed/build/src/krnl_prj/solution1/.autopilot/db/krnlInsert.pp.0.cpp:18827:3: warning: Added loop label VITIS_LOOP_3270_16:   [xilinx-label-all-loops]
  for(int j = 63; j >= 36; j--) {
  ^~~
  VITIS_LOOP_3270_16: 
/home/pyuva001/R-Tree-Testbed/build/src/krnl_prj/solution1/.autopilot/db/krnlInsert.pp.0.cpp:18827:3: note: FIX-IT applied suggested code changes
/home/pyuva001/R-Tree-Testbed/build/src/krnl_prj/solution1/.autopilot/db/krnlInsert.pp.0.cpp:18987:4: warning: Added loop label VITIS_LOOP_3430_17:   [xilinx-label-all-loops]
   for(int j = 63; j >= 31 + I_; j--) {
   ^~~
   VITIS_LOOP_3430_17: 
/home/pyuva001/R-Tree-Testbed/build/src/krnl_prj/solution1/.autopilot/db/krnlInsert.pp.0.cpp:18987:4: note: FIX-IT applied suggested code changes
/home/pyuva001/R-Tree-Testbed/build/src/krnl_prj/solution1/.autopilot/db/krnlInsert.pp.0.cpp:18994:5: warning: Added loop label VITIS_LOOP_3437_18:   [xilinx-label-all-loops]
    for(int j = 63; j >= 31 + I_; j--) {
    ^~~
    VITIS_LOOP_3437_18: 
/home/pyuva001/R-Tree-Testbed/build/src/krnl_prj/solution1/.autopilot/db/krnlInsert.pp.0.cpp:18994:5: note: FIX-IT applied suggested code changes
/home/pyuva001/R-Tree-Testbed/build/src/krnl_prj/solution1/.autopilot/db/krnlInsert.pp.0.cpp:18998:5: warning: Added loop label VITIS_LOOP_3441_19:   [xilinx-label-all-loops]
    for(int j = 30 + I_; j >= 0; j--) {
    ^~~
    VITIS_LOOP_3441_19: 
/home/pyuva001/R-Tree-Testbed/build/src/krnl_prj/solution1/.autopilot/db/krnlInsert.pp.0.cpp:18998:5: note: FIX-IT applied suggested code changes
/home/pyuva001/R-Tree-Testbed/build/src/krnl_prj/solution1/.autopilot/db/krnlInsert.pp.0.cpp:19713:13: warning: Added loop label VITIS_LOOP_729_1:   [xilinx-label-all-loops]
            for (b_exp = I_-1; b_exp >= -F_; b_exp--) {
            ^~~
            VITIS_LOOP_729_1: 
/home/pyuva001/R-Tree-Testbed/build/src/krnl_prj/solution1/.autopilot/db/krnlInsert.pp.0.cpp:19713:13: note: FIX-IT applied suggested code changes
/home/pyuva001/R-Tree-Testbed/build/src/krnl_prj/solution1/.autopilot/db/krnlInsert.pp.0.cpp:19931:13: warning: Added loop label VITIS_LOOP_947_1:   [xilinx-label-all-loops]
            for (b_exp = I_-1; b_exp >= -F_; b_exp--) {
            ^~~
            VITIS_LOOP_947_1: 
/home/pyuva001/R-Tree-Testbed/build/src/krnl_prj/solution1/.autopilot/db/krnlInsert.pp.0.cpp:19931:13: note: FIX-IT applied suggested code changes
/home/pyuva001/R-Tree-Testbed/build/src/krnl_prj/solution1/.autopilot/db/krnlInsert.pp.0.cpp:20348:13: warning: Added loop label VITIS_LOOP_1371_1:   [xilinx-label-all-loops]
            for (b_exp = I_-1; b_exp >= -F_; b_exp--) {
            ^~~
            VITIS_LOOP_1371_1: 
/home/pyuva001/R-Tree-Testbed/build/src/krnl_prj/solution1/.autopilot/db/krnlInsert.pp.0.cpp:20348:13: note: FIX-IT applied suggested code changes
/home/pyuva001/R-Tree-Testbed/build/src/krnl_prj/solution1/.autopilot/db/krnlInsert.pp.0.cpp:20662:9: warning: Added loop label VITIS_LOOP_266_1:   [xilinx-label-all-loops]
        for ( int pos = msbr-1; pos >= 0; pos-- ) {
        ^~~
        VITIS_LOOP_266_1: 
/home/pyuva001/R-Tree-Testbed/build/src/krnl_prj/solution1/.autopilot/db/krnlInsert.pp.0.cpp:20662:9: note: FIX-IT applied suggested code changes
/home/pyuva001/R-Tree-Testbed/build/src/krnl_prj/solution1/.autopilot/db/krnlInsert.pp.0.cpp:20690:9: warning: Added loop label VITIS_LOOP_294_2:   [xilinx-label-all-loops]
        for ( int pos = -1; pos >= -F_-1; pos-- ) {
        ^~~
        VITIS_LOOP_294_2: 
/home/pyuva001/R-Tree-Testbed/build/src/krnl_prj/solution1/.autopilot/db/krnlInsert.pp.0.cpp:20690:9: note: FIX-IT applied suggested code changes
/home/pyuva001/R-Tree-Testbed/build/src/krnl_prj/solution1/.autopilot/db/krnlInsert.pp.0.cpp:21385:13: warning: Added loop label VITIS_LOOP_74_1:   [xilinx-label-all-loops]
            for (int j = 0; j < W_-1; j++){
            ^~~
            VITIS_LOOP_74_1: 
/home/pyuva001/R-Tree-Testbed/build/src/krnl_prj/solution1/.autopilot/db/krnlInsert.pp.0.cpp:21385:13: note: FIX-IT applied suggested code changes
/home/pyuva001/R-Tree-Testbed/build/src/krnl_prj/solution1/.autopilot/db/krnlInsert.pp.0.cpp:21438:5: warning: Added loop label VITIS_LOOP_135_2:   [xilinx-label-all-loops]
    for (int j = F_l+F_+I_m-1; j < F_l+W_+5; j++){
    ^~~
    VITIS_LOOP_135_2: 
/home/pyuva001/R-Tree-Testbed/build/src/krnl_prj/solution1/.autopilot/db/krnlInsert.pp.0.cpp:21438:5: note: FIX-IT applied suggested code changes
/home/pyuva001/R-Tree-Testbed/build/src/krnl_prj/solution1/.autopilot/db/krnlInsert.pp.0.cpp:21452:13: warning: Added loop label VITIS_LOOP_149_3:   [xilinx-label-all-loops]
            for (int j = WO_m-1; j >= W_-1; j--) {
            ^~~
            VITIS_LOOP_149_3: 
/home/pyuva001/R-Tree-Testbed/build/src/krnl_prj/solution1/.autopilot/db/krnlInsert.pp.0.cpp:21452:13: note: FIX-IT applied suggested code changes
/home/pyuva001/R-Tree-Testbed/build/src/krnl_prj/solution1/.autopilot/db/krnlInsert.pp.0.cpp:21482:13: warning: Added loop label VITIS_LOOP_179_4:   [xilinx-label-all-loops]
            for (int j = W_-2; j >= 0; j--){
            ^~~
            VITIS_LOOP_179_4: 
/home/pyuva001/R-Tree-Testbed/build/src/krnl_prj/solution1/.autopilot/db/krnlInsert.pp.0.cpp:21482:13: note: FIX-IT applied suggested code changes
/home/pyuva001/R-Tree-Testbed/build/src/krnl_prj/solution1/.autopilot/db/krnlInsert.pp.0.cpp:21567:12: warning: Added loop label VITIS_LOOP_307_1:   [xilinx-label-all-loops]
           for(int i = wf_log+we_log-2; i > WI_e - 2; --i) {
           ^~~
           VITIS_LOOP_307_1: 
/home/pyuva001/R-Tree-Testbed/build/src/krnl_prj/solution1/.autopilot/db/krnlInsert.pp.0.cpp:21567:12: note: FIX-IT applied suggested code changes
/home/pyuva001/R-Tree-Testbed/build/src/krnl_prj/solution1/.autopilot/db/krnlInsert.pp.0.cpp:21587:16: warning: Added loop label VITIS_LOOP_327_2:   [xilinx-label-all-loops]
               for (int j = WO_e-1; j >= W_-1; j--) {
               ^~~
               VITIS_LOOP_327_2: 
/home/pyuva001/R-Tree-Testbed/build/src/krnl_prj/solution1/.autopilot/db/krnlInsert.pp.0.cpp:21587:16: note: FIX-IT applied suggested code changes
/home/pyuva001/R-Tree-Testbed/build/src/krnl_prj/solution1/.autopilot/db/krnlInsert.pp.0.cpp:21601:20: warning: Added loop label VITIS_LOOP_341_3:   [xilinx-label-all-loops]
                   for(int i = 0; i < W_-1; ++i) {
                   ^~~
                   VITIS_LOOP_341_3: 
/home/pyuva001/R-Tree-Testbed/build/src/krnl_prj/solution1/.autopilot/db/krnlInsert.pp.0.cpp:21601:20: note: FIX-IT applied suggested code changes
/home/pyuva001/R-Tree-Testbed/build/src/krnl_prj/solution1/.autopilot/db/krnlInsert.pp.0.cpp:21694:12: warning: Added loop label VITIS_LOOP_459_1:   [xilinx-label-all-loops]
           for (int j =WO_d-1; j >= W_-1; j--) {
           ^~~
           VITIS_LOOP_459_1: 
/home/pyuva001/R-Tree-Testbed/build/src/krnl_prj/solution1/.autopilot/db/krnlInsert.pp.0.cpp:21694:12: note: FIX-IT applied suggested code changes
/home/pyuva001/R-Tree-Testbed/build/src/krnl_prj/solution1/.autopilot/db/krnlInsert.pp.0.cpp:21708:15: warning: Added loop label VITIS_LOOP_473_2:   [xilinx-label-all-loops]
              for(int i = 0; i < W_-1; ++i) {
              ^~~
              VITIS_LOOP_473_2: 
/home/pyuva001/R-Tree-Testbed/build/src/krnl_prj/solution1/.autopilot/db/krnlInsert.pp.0.cpp:21708:15: note: FIX-IT applied suggested code changes
/home/pyuva001/R-Tree-Testbed/build/src/krnl_prj/solution1/.autopilot/db/krnlInsert.pp.0.cpp:21821:13: warning: Added loop label VITIS_LOOP_59_1:   [xilinx-label-all-loops]
            for (int i = 0; i < W_-1; i++){
            ^~~
            VITIS_LOOP_59_1: 
/home/pyuva001/R-Tree-Testbed/build/src/krnl_prj/solution1/.autopilot/db/krnlInsert.pp.0.cpp:21821:13: note: FIX-IT applied suggested code changes
/home/pyuva001/R-Tree-Testbed/build/src/krnl_prj/solution1/.autopilot/db/krnlInsert.pp.0.cpp:21945:13: warning: Added loop label VITIS_LOOP_209_1:   [xilinx-label-all-loops]
            for (int i = 0; i < W_-1; i++){
            ^~~
            VITIS_LOOP_209_1: 
/home/pyuva001/R-Tree-Testbed/build/src/krnl_prj/solution1/.autopilot/db/krnlInsert.pp.0.cpp:21945:13: note: FIX-IT applied suggested code changes
/home/pyuva001/R-Tree-Testbed/build/src/krnl_prj/solution1/.autopilot/db/krnlInsert.pp.0.cpp:22000:13: warning: Added loop label VITIS_LOOP_274_1:   [xilinx-label-all-loops]
            for (int i = 0; i < W_-1; i++){
            ^~~
            VITIS_LOOP_274_1: 
/home/pyuva001/R-Tree-Testbed/build/src/krnl_prj/solution1/.autopilot/db/krnlInsert.pp.0.cpp:22000:13: note: FIX-IT applied suggested code changes
/home/pyuva001/R-Tree-Testbed/build/src/krnl_prj/solution1/.autopilot/db/krnlInsert.pp.0.cpp:22505:2: warning: Added loop label VITIS_LOOP_42_1:   [xilinx-label-all-loops]
 for (int i=0; i<W_;i++)
 ^~~
 VITIS_LOOP_42_1: 
/home/pyuva001/R-Tree-Testbed/build/src/krnl_prj/solution1/.autopilot/db/krnlInsert.pp.0.cpp:22505:2: note: FIX-IT applied suggested code changes
/home/pyuva001/R-Tree-Testbed/build/src/krnl_prj/solution1/.autopilot/db/krnlInsert.pp.0.cpp:22516:2: warning: Added loop label VITIS_LOOP_53_1:   [xilinx-label-all-loops]
 for (int i=0; i<W_;i++)
 ^~~
 VITIS_LOOP_53_1: 
/home/pyuva001/R-Tree-Testbed/build/src/krnl_prj/solution1/.autopilot/db/krnlInsert.pp.0.cpp:22516:2: note: FIX-IT applied suggested code changes
/home/pyuva001/R-Tree-Testbed/build/src/krnl_prj/solution1/.autopilot/db/krnlInsert.pp.0.cpp:22527:2: warning: Added loop label VITIS_LOOP_64_1:   [xilinx-label-all-loops]
 for (int i=0; i<I_;i++)
 ^~~
 VITIS_LOOP_64_1: 
/home/pyuva001/R-Tree-Testbed/build/src/krnl_prj/solution1/.autopilot/db/krnlInsert.pp.0.cpp:22527:2: note: FIX-IT applied suggested code changes
/home/pyuva001/R-Tree-Testbed/build/src/krnl_prj/solution1/.autopilot/db/krnlInsert.pp.0.cpp:22538:2: warning: Added loop label VITIS_LOOP_75_1:   [xilinx-label-all-loops]
 for (int i=0; i<I_;i++)
 ^~~
 VITIS_LOOP_75_1: 
/home/pyuva001/R-Tree-Testbed/build/src/krnl_prj/solution1/.autopilot/db/krnlInsert.pp.0.cpp:22538:2: note: FIX-IT applied suggested code changes
/home/pyuva001/R-Tree-Testbed/build/src/krnl_prj/solution1/.autopilot/db/krnlInsert.pp.0.cpp:22549:2: warning: Added loop label VITIS_LOOP_86_1:   [xilinx-label-all-loops]
 for (int i=0; i<W_;i++)
 ^~~
 VITIS_LOOP_86_1: 
/home/pyuva001/R-Tree-Testbed/build/src/krnl_prj/solution1/.autopilot/db/krnlInsert.pp.0.cpp:22549:2: note: FIX-IT applied suggested code changes
/home/pyuva001/R-Tree-Testbed/build/src/krnl_prj/solution1/.autopilot/db/krnlInsert.pp.0.cpp:22560:2: warning: Added loop label VITIS_LOOP_97_1:   [xilinx-label-all-loops]
 for (int i=0; i<W_;i++)
 ^~~
 VITIS_LOOP_97_1: 
/home/pyuva001/R-Tree-Testbed/build/src/krnl_prj/solution1/.autopilot/db/krnlInsert.pp.0.cpp:22560:2: note: FIX-IT applied suggested code changes
/home/pyuva001/R-Tree-Testbed/build/src/krnl_prj/solution1/.autopilot/db/krnlInsert.pp.0.cpp:22571:2: warning: Added loop label VITIS_LOOP_108_1:   [xilinx-label-all-loops]
 for (int i=0; i<I_;i++)
 ^~~
 VITIS_LOOP_108_1: 
/home/pyuva001/R-Tree-Testbed/build/src/krnl_prj/solution1/.autopilot/db/krnlInsert.pp.0.cpp:22571:2: note: FIX-IT applied suggested code changes
/home/pyuva001/R-Tree-Testbed/build/src/krnl_prj/solution1/.autopilot/db/krnlInsert.pp.0.cpp:22582:2: warning: Added loop label VITIS_LOOP_119_1:   [xilinx-label-all-loops]
 for (int i=0; i<I_;i++)
 ^~~
 VITIS_LOOP_119_1: 
/home/pyuva001/R-Tree-Testbed/build/src/krnl_prj/solution1/.autopilot/db/krnlInsert.pp.0.cpp:22582:2: note: FIX-IT applied suggested code changes
/home/pyuva001/R-Tree-Testbed/build/src/krnl_prj/solution1/.autopilot/db/krnlInsert.pp.0.cpp:24883:12: warning: Added loop label VITIS_LOOP_23_1:   [xilinx-label-all-loops]
           for(int i = 0; i < W_-1; ++i) {
           ^~~
           VITIS_LOOP_23_1: 
/home/pyuva001/R-Tree-Testbed/build/src/krnl_prj/solution1/.autopilot/db/krnlInsert.pp.0.cpp:24883:12: note: FIX-IT applied suggested code changes
/home/pyuva001/R-Tree-Testbed/build/src/krnl_prj/solution1/.autopilot/db/krnlInsert.pp.0.cpp:24947:7: warning: Added loop label VITIS_LOOP_66_1:   [xilinx-label-all-loops]
      for(int pos = msbr - 1 ; pos >= -F-1; pos--) {
      ^~~
      VITIS_LOOP_66_1: 
/home/pyuva001/R-Tree-Testbed/build/src/krnl_prj/solution1/.autopilot/db/krnlInsert.pp.0.cpp:24947:7: note: FIX-IT applied suggested code changes
/home/pyuva001/R-Tree-Testbed/build/src/krnl_prj/solution1/.autopilot/db/krnlInsert.pp.0.cpp:25064:9: warning: Added loop label VITIS_LOOP_75_1:   [xilinx-label-all-loops]
        for(int pos = msbr - 1; pos >= 0; pos--) {
        ^~~
        VITIS_LOOP_75_1: 
/home/pyuva001/R-Tree-Testbed/build/src/krnl_prj/solution1/.autopilot/db/krnlInsert.pp.0.cpp:25064:9: note: FIX-IT applied suggested code changes
/home/pyuva001/R-Tree-Testbed/build/src/krnl_prj/solution1/.autopilot/db/krnlInsert.pp.0.cpp:25089:5: warning: Added loop label VITIS_LOOP_107_2:   [xilinx-label-all-loops]
    for(int pos = -1; pos >= -F-1; pos--) {
    ^~~
    VITIS_LOOP_107_2: 
/home/pyuva001/R-Tree-Testbed/build/src/krnl_prj/solution1/.autopilot/db/krnlInsert.pp.0.cpp:25089:5: note: FIX-IT applied suggested code changes
/home/pyuva001/R-Tree-Testbed/build/src/krnl_prj/solution1/.autopilot/db/krnlInsert.pp.0.cpp:25159:8: warning: Added loop label VITIS_LOOP_195_3:   [xilinx-label-all-loops]
       for(int i = 0; i < W - 1; ++i) {
       ^~~
       VITIS_LOOP_195_3: 
/home/pyuva001/R-Tree-Testbed/build/src/krnl_prj/solution1/.autopilot/db/krnlInsert.pp.0.cpp:25159:8: note: FIX-IT applied suggested code changes
/home/pyuva001/R-Tree-Testbed/build/src/krnl_prj/solution1/.autopilot/db/krnlInsert.pp.0.cpp:53281:9: warning: Added loop label VITIS_LOOP_52_1:   [xilinx-label-all-loops]
        for (int i = 0; i <= top; i++) {
        ^~~
        VITIS_LOOP_52_1: 
/home/pyuva001/R-Tree-Testbed/build/src/krnl_prj/solution1/.autopilot/db/krnlInsert.pp.0.cpp:53281:9: note: FIX-IT applied suggested code changes
/home/pyuva001/R-Tree-Testbed/build/src/krnl_prj/solution1/.autopilot/db/krnlInsert.pp.0.cpp:59235:9: warning: Added loop label VITIS_LOOP_34_1:   [xilinx-label-all-loops]
        for (int i = 0; i < 6; i++)
        ^~~
        VITIS_LOOP_34_1: 
/home/pyuva001/R-Tree-Testbed/build/src/krnl_prj/solution1/.autopilot/db/krnlInsert.pp.0.cpp:59235:9: note: FIX-IT applied suggested code changes
/home/pyuva001/R-Tree-Testbed/build/src/krnl_prj/solution1/.autopilot/db/krnlInsert.pp.0.cpp:59532:13: warning: Added loop label VITIS_LOOP_334_1:   [xilinx-label-all-loops]
            for (int i = 0; i < 6; i++) {
            ^~~
            VITIS_LOOP_334_1: 
/home/pyuva001/R-Tree-Testbed/build/src/krnl_prj/solution1/.autopilot/db/krnlInsert.pp.0.cpp:59532:13: note: FIX-IT applied suggested code changes
