/home/pyuva001/R-Tree-Testbed/build/src/krnl_prj/solution1/.autopilot/db/node.pp.0.cpp:35368:9: warning: Added loop label VITIS_LOOP_34_1:   [xilinx-label-all-loops]
        for (int i = 0; i < 6; i++)
        ^~~
        VITIS_LOOP_34_1: 
/home/pyuva001/R-Tree-Testbed/build/src/krnl_prj/solution1/.autopilot/db/node.pp.0.cpp:35368:9: note: FIX-IT applied suggested code changes
/home/pyuva001/R-Tree-Testbed/build/src/krnl_prj/solution1/.autopilot/db/node.pp.0.cpp:35531:5: warning: Added loop label VITIS_LOOP_71_1:   [xilinx-label-all-loops]
    for (int i = 0; i < 6; i++)
    ^~~
    VITIS_LOOP_71_1: 
/home/pyuva001/R-Tree-Testbed/build/src/krnl_prj/solution1/.autopilot/db/node.pp.0.cpp:35531:5: note: FIX-IT applied suggested code changes
/home/pyuva001/R-Tree-Testbed/build/src/krnl_prj/solution1/.autopilot/db/node.pp.0.cpp:35543:5: warning: Added loop label VITIS_LOOP_83_1:   [xilinx-label-all-loops]
    for (int i = 0; i < 6; i++)
    ^~~
    VITIS_LOOP_83_1: 
/home/pyuva001/R-Tree-Testbed/build/src/krnl_prj/solution1/.autopilot/db/node.pp.0.cpp:35543:5: note: FIX-IT applied suggested code changes
/home/pyuva001/R-Tree-Testbed/build/src/krnl_prj/solution1/.autopilot/db/node.pp.0.cpp:35569:5: warning: Added loop label VITIS_LOOP_109_1:   [xilinx-label-all-loops]
    for (int i = 0; i < 6; i++)
    ^~~
    VITIS_LOOP_109_1: 
/home/pyuva001/R-Tree-Testbed/build/src/krnl_prj/solution1/.autopilot/db/node.pp.0.cpp:35569:5: note: FIX-IT applied suggested code changes
/home/pyuva001/R-Tree-Testbed/build/src/krnl_prj/solution1/.autopilot/db/node.pp.0.cpp:35614:9: warning: Added loop label VITIS_LOOP_154_1:   [xilinx-label-all-loops]
        for (int j = 0; j < 6; j++)
        ^~~
        VITIS_LOOP_154_1: 
/home/pyuva001/R-Tree-Testbed/build/src/krnl_prj/solution1/.autopilot/db/node.pp.0.cpp:35614:9: note: FIX-IT applied suggested code changes
/home/pyuva001/R-Tree-Testbed/build/src/krnl_prj/solution1/.autopilot/db/node.pp.0.cpp:35616:13: warning: Added loop label VITIS_LOOP_156_2:   [xilinx-label-all-loops]
            for (int i = 1; i < 6; i++)
            ^~~
            VITIS_LOOP_156_2: 
/home/pyuva001/R-Tree-Testbed/build/src/krnl_prj/solution1/.autopilot/db/node.pp.0.cpp:35616:13: note: FIX-IT applied suggested code changes
/home/pyuva001/R-Tree-Testbed/build/src/krnl_prj/solution1/.autopilot/db/node.pp.0.cpp:35630:9: warning: Added loop label VITIS_LOOP_170_3:   [xilinx-label-all-loops]
        for (int j = 0; j < 6; j++)
        ^~~
        VITIS_LOOP_170_3: 
/home/pyuva001/R-Tree-Testbed/build/src/krnl_prj/solution1/.autopilot/db/node.pp.0.cpp:35630:9: note: FIX-IT applied suggested code changes
/home/pyuva001/R-Tree-Testbed/build/src/krnl_prj/solution1/.autopilot/db/node.pp.0.cpp:35632:13: warning: Added loop label VITIS_LOOP_172_4:   [xilinx-label-all-loops]
            for (int i = 1; i < 6; i++)
            ^~~
            VITIS_LOOP_172_4: 
/home/pyuva001/R-Tree-Testbed/build/src/krnl_prj/solution1/.autopilot/db/node.pp.0.cpp:35632:13: note: FIX-IT applied suggested code changes
/home/pyuva001/R-Tree-Testbed/build/src/krnl_prj/solution1/.autopilot/db/node.pp.0.cpp:35650:9: warning: Added loop label VITIS_LOOP_190_1:   [xilinx-label-all-loops]
        for (int j = 0; j < 6; j++)
        ^~~
        VITIS_LOOP_190_1: 
/home/pyuva001/R-Tree-Testbed/build/src/krnl_prj/solution1/.autopilot/db/node.pp.0.cpp:35650:9: note: FIX-IT applied suggested code changes
/home/pyuva001/R-Tree-Testbed/build/src/krnl_prj/solution1/.autopilot/db/node.pp.0.cpp:35652:13: warning: Added loop label VITIS_LOOP_192_2:   [xilinx-label-all-loops]
            for (int i = 1; i < 6; i++)
            ^~~
            VITIS_LOOP_192_2: 
/home/pyuva001/R-Tree-Testbed/build/src/krnl_prj/solution1/.autopilot/db/node.pp.0.cpp:35652:13: note: FIX-IT applied suggested code changes
/home/pyuva001/R-Tree-Testbed/build/src/krnl_prj/solution1/.autopilot/db/node.pp.0.cpp:35666:9: warning: Added loop label VITIS_LOOP_206_3:   [xilinx-label-all-loops]
        for (int j = 0; j < 6; j++)
        ^~~
        VITIS_LOOP_206_3: 
/home/pyuva001/R-Tree-Testbed/build/src/krnl_prj/solution1/.autopilot/db/node.pp.0.cpp:35666:9: note: FIX-IT applied suggested code changes
/home/pyuva001/R-Tree-Testbed/build/src/krnl_prj/solution1/.autopilot/db/node.pp.0.cpp:35668:13: warning: Added loop label VITIS_LOOP_208_4:   [xilinx-label-all-loops]
            for (int i = 1; i < 6; i++)
            ^~~
            VITIS_LOOP_208_4: 
/home/pyuva001/R-Tree-Testbed/build/src/krnl_prj/solution1/.autopilot/db/node.pp.0.cpp:35668:13: note: FIX-IT applied suggested code changes
/home/pyuva001/R-Tree-Testbed/build/src/krnl_prj/solution1/.autopilot/db/node.pp.0.cpp:35689:5: warning: Added loop label VITIS_LOOP_229_1:   [xilinx-label-all-loops]
    for (int i = 0; i < 6; i++)
    ^~~
    VITIS_LOOP_229_1: 
/home/pyuva001/R-Tree-Testbed/build/src/krnl_prj/solution1/.autopilot/db/node.pp.0.cpp:35689:5: note: FIX-IT applied suggested code changes
/home/pyuva001/R-Tree-Testbed/build/src/krnl_prj/solution1/.autopilot/db/node.pp.0.cpp:35750:5: warning: Added loop label VITIS_LOOP_290_1:   [xilinx-label-all-loops]
    for (int i = 0; i < 6; i++)
    ^~~
    VITIS_LOOP_290_1: 
/home/pyuva001/R-Tree-Testbed/build/src/krnl_prj/solution1/.autopilot/db/node.pp.0.cpp:35750:5: note: FIX-IT applied suggested code changes
/home/pyuva001/R-Tree-Testbed/build/src/krnl_prj/solution1/.autopilot/db/node.pp.0.cpp:35763:5: warning: Added loop label VITIS_LOOP_303_1:   [xilinx-label-all-loops]
    for (int i = 0; i < 6; i++)
    ^~~
    VITIS_LOOP_303_1: 
/home/pyuva001/R-Tree-Testbed/build/src/krnl_prj/solution1/.autopilot/db/node.pp.0.cpp:35763:5: note: FIX-IT applied suggested code changes
