

================================================================
== Vitis HLS Report for 'memory_manager_Pipeline_VITIS_LOOP_739_19_VITIS_LOOP_741_20'
================================================================
* Date:           Thu Feb 13 17:41:36 2025

* Version:        2022.2 (Build 3670227 on Oct 13 2022)
* Project:        krnl_prj
* Solution:       solution1 (Vivado IP Flow Target)
* Product family: virtexuplus
* Target device:  xcu280-fsvh2892-2L-e


================================================================
== Performance Estimates
================================================================
+ Timing: 
    * Summary: 
    +--------+---------+----------+------------+
    |  Clock |  Target | Estimated| Uncertainty|
    +--------+---------+----------+------------+
    |ap_clk  |  3.33 ns|  2.433 ns|     0.90 ns|
    +--------+---------+----------+------------+

+ Latency: 
    * Summary: 
    +---------+---------+----------+----------+------+------+---------+
    |  Latency (cycles) |  Latency (absolute) |   Interval  | Pipeline|
    |   min   |   max   |    min   |    max   |  min |  max |   Type  |
    +---------+---------+----------+----------+------+------+---------+
    |     2253|     2253|  7.509 us|  7.509 us|  2253|  2253|       no|
    +---------+---------+----------+----------+------+------+---------+

    + Detail: 
        * Instance: 
        N/A

        * Loop: 
        +---------------------------------------+---------+---------+----------+-----------+-----------+------+----------+
        |                                       |  Latency (cycles) | Iteration|  Initiation Interval  | Trip |          |
        |               Loop Name               |   min   |   max   |  Latency |  achieved |   target  | Count| Pipelined|
        +---------------------------------------+---------+---------+----------+-----------+-----------+------+----------+
        |- VITIS_LOOP_739_19_VITIS_LOOP_741_20  |     2251|     2251|        77|         75|          1|    30|       yes|
        +---------------------------------------+---------+---------+----------+-----------+-----------+------+----------+



================================================================
== Utilization Estimates
================================================================
* Summary: 
+---------------------+---------+------+---------+---------+-----+
|         Name        | BRAM_18K|  DSP |    FF   |   LUT   | URAM|
+---------------------+---------+------+---------+---------+-----+
|DSP                  |        -|     -|        -|        -|    -|
|Expression           |        -|     -|        0|     4686|    -|
|FIFO                 |        -|     -|        -|        -|    -|
|Instance             |        -|     -|        -|        -|    -|
|Memory               |        -|     -|        -|        -|    -|
|Multiplexer          |        -|     -|        -|      497|    -|
|Register             |        -|     -|     1318|        -|    -|
+---------------------+---------+------+---------+---------+-----+
|Total                |        0|     0|     1318|     5183|    0|
+---------------------+---------+------+---------+---------+-----+
|Available SLR        |     1344|  3008|   869120|   434560|  320|
+---------------------+---------+------+---------+---------+-----+
|Utilization SLR (%)  |        0|     0|       ~0|        1|    0|
+---------------------+---------+------+---------+---------+-----+
|Available            |     4032|  9024|  2607360|  1303680|  960|
+---------------------+---------+------+---------+---------+-----+
|Utilization (%)      |        0|     0|       ~0|       ~0|    0|
+---------------------+---------+------+---------+---------+-----+

+ Detail: 
    * Instance: 
    N/A

    * DSP: 
    N/A

    * Memory: 
    N/A

    * FIFO: 
    N/A

    * Expression: 
    +------------------------------------+----------+----+---+------+------------+------------+
    |            Variable Name           | Operation| DSP| FF|  LUT | Bitwidth P0| Bitwidth P1|
    +------------------------------------+----------+----+---+------+------------+------------+
    |add_ln739_fu_170_p2                 |         +|   0|  0|    12|           5|           1|
    |add_ln741_fu_340_p2                 |         +|   0|  0|    10|           3|           1|
    |add_ln743_1_fu_198_p2               |         +|   0|  0|    10|           3|           2|
    |add_ln743_2_fu_310_p2               |         +|   0|  0|    71|          64|          64|
    |add_ln743_3_fu_259_p2               |         +|   0|  0|    13|           6|           6|
    |add_ln743_4_fu_325_p2               |         +|   0|  0|    13|           6|           6|
    |add_ln743_fu_244_p2                 |         +|   0|  0|    71|          64|          64|
    |sub_ln743_1_fu_296_p2               |         -|   0|  0|    46|          39|          39|
    |sub_ln743_fu_230_p2                 |         -|   0|  0|    46|          39|          39|
    |ap_block_pp0_stage3_11001           |       and|   0|  0|     2|           1|           1|
    |ap_block_pp0_stage4_11001           |       and|   0|  0|     2|           1|           1|
    |ap_block_pp0_stage73_11001          |       and|   0|  0|     2|           1|           1|
    |ap_block_state4_io                  |       and|   0|  0|     2|           1|           1|
    |ap_block_state74_pp0_stage73_iter0  |       and|   0|  0|     2|           1|           1|
    |icmp_ln739_fu_164_p2                |      icmp|   0|  0|     9|           5|           3|
    |icmp_ln741_fu_179_p2                |      icmp|   0|  0|     8|           3|           3|
    |icmp_ln743_fu_394_p2                |      icmp|   0|  0|    20|          32|          32|
    |lshr_ln743_1_fu_385_p2              |      lshr|   0|  0|  2171|         512|         512|
    |lshr_ln743_fu_365_p2                |      lshr|   0|  0|  2171|         512|         512|
    |select_ln739_fu_185_p3              |    select|   0|  0|     3|           1|           1|
    |ap_enable_pp0                       |       xor|   0|  0|     2|           1|           2|
    +------------------------------------+----------+----+---+------+------------+------------+
    |Total                               |          |   0|  0|  4686|        1300|        1292|
    +------------------------------------+----------+----+---+------+------------+------------+

    * Multiplexer: 
    +-----------------------------------------+-----+-----------+-----+-----------+
    |                   Name                  | LUT | Input Size| Bits| Total Bits|
    +-----------------------------------------+-----+-----------+-----+-----------+
    |ap_NS_fsm                                |  351|         76|    1|         76|
    |ap_done_int                              |    9|          2|    1|          2|
    |ap_enable_reg_pp0_iter0                  |    9|          2|    1|          2|
    |ap_enable_reg_pp0_iter0_reg              |    9|          2|    1|          2|
    |ap_enable_reg_pp0_iter1                  |    9|          2|    1|          2|
    |ap_sig_allocacmp_i_load                  |    9|          2|    3|          6|
    |ap_sig_allocacmp_indvar_flatten809_load  |    9|          2|    5|         10|
    |gmem_blk_n_AR                            |    9|          2|    1|          2|
    |gmem_blk_n_R                             |    9|          2|    1|          2|
    |i_fu_82                                  |    9|          2|    3|          6|
    |indvar_flatten809_fu_86                  |    9|          2|    5|         10|
    |m_axi_gmem_ARADDR                        |   14|          3|   64|        192|
    |node_child_address0                      |   14|          3|    3|          9|
    |node_child_address1                      |   14|          3|    3|          9|
    |node_child_d0                            |   14|          3|   32|         96|
    +-----------------------------------------+-----+-----------+-----+-----------+
    |Total                                    |  497|        108|  125|        426|
    +-----------------------------------------+-----+-----------+-----+-----------+

    * Register: 
    +-----------------------------+-----+----+-----+-----------+
    |             Name            |  FF | LUT| Bits| Const Bits|
    +-----------------------------+-----+----+-----+-----------+
    |add_ln739_reg_430            |    5|   0|    5|          0|
    |add_ln743_3_reg_465          |    6|   0|    6|          0|
    |add_ln743_4_reg_488          |    6|   0|    6|          0|
    |ap_CS_fsm                    |   75|   0|   75|          0|
    |ap_done_reg                  |    1|   0|    1|          0|
    |ap_enable_reg_pp0_iter0_reg  |    1|   0|    1|          0|
    |ap_enable_reg_pp0_iter1      |    1|   0|    1|          0|
    |gmem_addr_3_read_reg_504     |  512|   0|  512|          0|
    |gmem_addr_read_reg_499       |  512|   0|  512|          0|
    |i_fu_82                      |    3|   0|    3|          0|
    |icmp_ln739_reg_426           |    1|   0|    1|          0|
    |icmp_ln743_reg_509           |    1|   0|    1|          0|
    |indvar_flatten809_fu_86      |    5|   0|    5|          0|
    |node_child_addr_1_reg_454    |    3|   0|    3|          0|
    |node_child_addr_reg_441      |    3|   0|    3|          0|
    |node_child_load_1_reg_470    |   32|   0|   32|          0|
    |select_ln739_reg_435         |    3|   0|    3|          0|
    |temp_reg_447                 |   32|   0|   32|          0|
    |trunc_ln743_4_reg_460        |   58|   0|   58|          0|
    |trunc_ln743_5_reg_483        |   58|   0|   58|          0|
    +-----------------------------+-----+----+-----+-----------+
    |Total                        | 1318|   0| 1318|          0|
    +-----------------------------+-----+----+-----+-----------+



================================================================
== Interface
================================================================
* Summary: 
+---------------------+-----+-----+------------+-------------------------------------------------------------+--------------+
|      RTL Ports      | Dir | Bits|  Protocol  |                        Source Object                        |    C Type    |
+---------------------+-----+-----+------------+-------------------------------------------------------------+--------------+
|ap_clk               |   in|    1|  ap_ctrl_hs|  memory_manager_Pipeline_VITIS_LOOP_739_19_VITIS_LOOP_741_20|  return value|
|ap_rst               |   in|    1|  ap_ctrl_hs|  memory_manager_Pipeline_VITIS_LOOP_739_19_VITIS_LOOP_741_20|  return value|
|ap_start             |   in|    1|  ap_ctrl_hs|  memory_manager_Pipeline_VITIS_LOOP_739_19_VITIS_LOOP_741_20|  return value|
|ap_done              |  out|    1|  ap_ctrl_hs|  memory_manager_Pipeline_VITIS_LOOP_739_19_VITIS_LOOP_741_20|  return value|
|ap_idle              |  out|    1|  ap_ctrl_hs|  memory_manager_Pipeline_VITIS_LOOP_739_19_VITIS_LOOP_741_20|  return value|
|ap_ready             |  out|    1|  ap_ctrl_hs|  memory_manager_Pipeline_VITIS_LOOP_739_19_VITIS_LOOP_741_20|  return value|
|m_axi_gmem_AWVALID   |  out|    1|       m_axi|                                                         gmem|       pointer|
|m_axi_gmem_AWREADY   |   in|    1|       m_axi|                                                         gmem|       pointer|
|m_axi_gmem_AWADDR    |  out|   64|       m_axi|                                                         gmem|       pointer|
|m_axi_gmem_AWID      |  out|    1|       m_axi|                                                         gmem|       pointer|
|m_axi_gmem_AWLEN     |  out|   32|       m_axi|                                                         gmem|       pointer|
|m_axi_gmem_AWSIZE    |  out|    3|       m_axi|                                                         gmem|       pointer|
|m_axi_gmem_AWBURST   |  out|    2|       m_axi|                                                         gmem|       pointer|
|m_axi_gmem_AWLOCK    |  out|    2|       m_axi|                                                         gmem|       pointer|
|m_axi_gmem_AWCACHE   |  out|    4|       m_axi|                                                         gmem|       pointer|
|m_axi_gmem_AWPROT    |  out|    3|       m_axi|                                                         gmem|       pointer|
|m_axi_gmem_AWQOS     |  out|    4|       m_axi|                                                         gmem|       pointer|
|m_axi_gmem_AWREGION  |  out|    4|       m_axi|                                                         gmem|       pointer|
|m_axi_gmem_AWUSER    |  out|    1|       m_axi|                                                         gmem|       pointer|
|m_axi_gmem_WVALID    |  out|    1|       m_axi|                                                         gmem|       pointer|
|m_axi_gmem_WREADY    |   in|    1|       m_axi|                                                         gmem|       pointer|
|m_axi_gmem_WDATA     |  out|  512|       m_axi|                                                         gmem|       pointer|
|m_axi_gmem_WSTRB     |  out|   64|       m_axi|                                                         gmem|       pointer|
|m_axi_gmem_WLAST     |  out|    1|       m_axi|                                                         gmem|       pointer|
|m_axi_gmem_WID       |  out|    1|       m_axi|                                                         gmem|       pointer|
|m_axi_gmem_WUSER     |  out|    1|       m_axi|                                                         gmem|       pointer|
|m_axi_gmem_ARVALID   |  out|    1|       m_axi|                                                         gmem|       pointer|
|m_axi_gmem_ARREADY   |   in|    1|       m_axi|                                                         gmem|       pointer|
|m_axi_gmem_ARADDR    |  out|   64|       m_axi|                                                         gmem|       pointer|
|m_axi_gmem_ARID      |  out|    1|       m_axi|                                                         gmem|       pointer|
|m_axi_gmem_ARLEN     |  out|   32|       m_axi|                                                         gmem|       pointer|
|m_axi_gmem_ARSIZE    |  out|    3|       m_axi|                                                         gmem|       pointer|
|m_axi_gmem_ARBURST   |  out|    2|       m_axi|                                                         gmem|       pointer|
|m_axi_gmem_ARLOCK    |  out|    2|       m_axi|                                                         gmem|       pointer|
|m_axi_gmem_ARCACHE   |  out|    4|       m_axi|                                                         gmem|       pointer|
|m_axi_gmem_ARPROT    |  out|    3|       m_axi|                                                         gmem|       pointer|
|m_axi_gmem_ARQOS     |  out|    4|       m_axi|                                                         gmem|       pointer|
|m_axi_gmem_ARREGION  |  out|    4|       m_axi|                                                         gmem|       pointer|
|m_axi_gmem_ARUSER    |  out|    1|       m_axi|                                                         gmem|       pointer|
|m_axi_gmem_RVALID    |   in|    1|       m_axi|                                                         gmem|       pointer|
|m_axi_gmem_RREADY    |  out|    1|       m_axi|                                                         gmem|       pointer|
|m_axi_gmem_RDATA     |   in|  512|       m_axi|                                                         gmem|       pointer|
|m_axi_gmem_RLAST     |   in|    1|       m_axi|                                                         gmem|       pointer|
|m_axi_gmem_RID       |   in|    1|       m_axi|                                                         gmem|       pointer|
|m_axi_gmem_RFIFONUM  |   in|    9|       m_axi|                                                         gmem|       pointer|
|m_axi_gmem_RUSER     |   in|    1|       m_axi|                                                         gmem|       pointer|
|m_axi_gmem_RRESP     |   in|    2|       m_axi|                                                         gmem|       pointer|
|m_axi_gmem_BVALID    |   in|    1|       m_axi|                                                         gmem|       pointer|
|m_axi_gmem_BREADY    |  out|    1|       m_axi|                                                         gmem|       pointer|
|m_axi_gmem_BRESP     |   in|    2|       m_axi|                                                         gmem|       pointer|
|m_axi_gmem_BID       |   in|    1|       m_axi|                                                         gmem|       pointer|
|m_axi_gmem_BUSER     |   in|    1|       m_axi|                                                         gmem|       pointer|
|node_child_address0  |  out|    3|   ap_memory|                                                   node_child|         array|
|node_child_ce0       |  out|    1|   ap_memory|                                                   node_child|         array|
|node_child_we0       |  out|    1|   ap_memory|                                                   node_child|         array|
|node_child_d0        |  out|   32|   ap_memory|                                                   node_child|         array|
|node_child_address1  |  out|    3|   ap_memory|                                                   node_child|         array|
|node_child_ce1       |  out|    1|   ap_memory|                                                   node_child|         array|
|node_child_q1        |   in|   32|   ap_memory|                                                   node_child|         array|
|add_ln628            |   in|   64|     ap_none|                                                    add_ln628|        scalar|
|add_ln628_1          |   in|    6|     ap_none|                                                  add_ln628_1|        scalar|
+---------------------+-----+-----+------------+-------------------------------------------------------------+--------------+

