

================================================================
== Vitis HLS Report for 'memory_manager_Pipeline_VITIS_LOOP_34_13'
================================================================
* Date:           Thu Feb 13 17:40:58 2025

* Version:        2022.2 (Build 3670227 on Oct 13 2022)
* Project:        krnl_prj
* Solution:       solution1 (Vivado IP Flow Target)
* Product family: virtexuplus
* Target device:  xcu280-fsvh2892-2L-e


================================================================
== Performance Estimates
================================================================
+ Timing: 
    * Summary: 
    +--------+---------+----------+------------+
    |  Clock |  Target | Estimated| Uncertainty|
    +--------+---------+----------+------------+
    |ap_clk  |  3.33 ns|  1.199 ns|     0.90 ns|
    +--------+---------+----------+------------+

+ Latency: 
    * Summary: 
    +---------+---------+-----------+-----------+-----+-----+---------+
    |  Latency (cycles) |   Latency (absolute)  |  Interval | Pipeline|
    |   min   |   max   |    min    |    max    | min | max |   Type  |
    +---------+---------+-----------+-----------+-----+-----+---------+
    |        8|        8|  26.664 ns|  26.664 ns|    8|    8|       no|
    +---------+---------+-----------+-----------+-----+-----+---------+

    + Detail: 
        * Instance: 
        N/A

        * Loop: 
        +-------------------+---------+---------+----------+-----------+-----------+------+----------+
        |                   |  Latency (cycles) | Iteration|  Initiation Interval  | Trip |          |
        |     Loop Name     |   min   |   max   |  Latency |  achieved |   target  | Count| Pipelined|
        +-------------------+---------+---------+----------+-----------+-----------+------+----------+
        |- VITIS_LOOP_34_1  |        6|        6|         1|          1|          1|     6|       yes|
        +-------------------+---------+---------+----------+-----------+-----------+------+----------+



================================================================
== Utilization Estimates
================================================================
* Summary: 
+---------------------+---------+------+---------+---------+-----+
|         Name        | BRAM_18K|  DSP |    FF   |   LUT   | URAM|
+---------------------+---------+------+---------+---------+-----+
|DSP                  |        -|     -|        -|        -|    -|
|Expression           |        -|     -|        0|       18|    -|
|FIFO                 |        -|     -|        -|        -|    -|
|Instance             |        -|     -|        -|        -|    -|
|Memory               |        -|     -|        -|        -|    -|
|Multiplexer          |        -|     -|        -|       27|    -|
|Register             |        -|     -|        5|        -|    -|
+---------------------+---------+------+---------+---------+-----+
|Total                |        0|     0|        5|       45|    0|
+---------------------+---------+------+---------+---------+-----+
|Available SLR        |     1344|  3008|   869120|   434560|  320|
+---------------------+---------+------+---------+---------+-----+
|Utilization SLR (%)  |        0|     0|       ~0|       ~0|    0|
+---------------------+---------+------+---------+---------+-----+
|Available            |     4032|  9024|  2607360|  1303680|  960|
+---------------------+---------+------+---------+---------+-----+
|Utilization (%)      |        0|     0|       ~0|       ~0|    0|
+---------------------+---------+------+---------+---------+-----+

+ Detail: 
    * Instance: 
    N/A

    * DSP: 
    N/A

    * Memory: 
    N/A

    * FIFO: 
    N/A

    * Expression: 
    +--------------------+----------+----+---+----+------------+------------+
    |    Variable Name   | Operation| DSP| FF| LUT| Bitwidth P0| Bitwidth P1|
    +--------------------+----------+----+---+----+------------+------------+
    |add_ln34_fu_60_p2   |         +|   0|  0|  10|           3|           1|
    |icmp_ln34_fu_54_p2  |      icmp|   0|  0|   8|           3|           3|
    +--------------------+----------+----+---+----+------------+------------+
    |Total               |          |   0|  0|  18|           6|           4|
    +--------------------+----------+----+---+----+------------+------------+

    * Multiplexer: 
    +----------------------+----+-----------+-----+-----------+
    |         Name         | LUT| Input Size| Bits| Total Bits|
    +----------------------+----+-----------+-----+-----------+
    |ap_done_int           |   9|          2|    1|          2|
    |ap_sig_allocacmp_i_6  |   9|          2|    3|          6|
    |i_fu_28               |   9|          2|    3|          6|
    +----------------------+----+-----------+-----+-----------+
    |Total                 |  27|          6|    7|         14|
    +----------------------+----+-----------+-----+-----------+

    * Register: 
    +-------------+---+----+-----+-----------+
    |     Name    | FF| LUT| Bits| Const Bits|
    +-------------+---+----+-----+-----------+
    |ap_CS_fsm    |  1|   0|    1|          0|
    |ap_done_reg  |  1|   0|    1|          0|
    |i_fu_28      |  3|   0|    3|          0|
    +-------------+---+----+-----+-----------+
    |Total        |  5|   0|    5|          0|
    +-------------+---+----+-----+-----------+



================================================================
== Interface
================================================================
* Summary: 
+------------------------+-----+-----+------------+------------------------------------------+--------------+
|        RTL Ports       | Dir | Bits|  Protocol  |               Source Object              |    C Type    |
+------------------------+-----+-----+------------+------------------------------------------+--------------+
|ap_clk                  |   in|    1|  ap_ctrl_hs|  memory_manager_Pipeline_VITIS_LOOP_34_13|  return value|
|ap_rst                  |   in|    1|  ap_ctrl_hs|  memory_manager_Pipeline_VITIS_LOOP_34_13|  return value|
|ap_start                |   in|    1|  ap_ctrl_hs|  memory_manager_Pipeline_VITIS_LOOP_34_13|  return value|
|ap_done                 |  out|    1|  ap_ctrl_hs|  memory_manager_Pipeline_VITIS_LOOP_34_13|  return value|
|ap_idle                 |  out|    1|  ap_ctrl_hs|  memory_manager_Pipeline_VITIS_LOOP_34_13|  return value|
|ap_ready                |  out|    1|  ap_ctrl_hs|  memory_manager_Pipeline_VITIS_LOOP_34_13|  return value|
|newNode_child_address0  |  out|    3|   ap_memory|                             newNode_child|         array|
|newNode_child_ce0       |  out|    1|   ap_memory|                             newNode_child|         array|
|newNode_child_we0       |  out|    1|   ap_memory|                             newNode_child|         array|
|newNode_child_d0        |  out|   32|   ap_memory|                             newNode_child|         array|
+------------------------+-----+-----+------------+------------------------------------------+--------------+

