

================================================================
== Vitis HLS Report for 'memory_manager_Pipeline_VITIS_LOOP_793_25'
================================================================
* Date:           Thu Feb 13 17:41:37 2025

* Version:        2022.2 (Build 3670227 on Oct 13 2022)
* Project:        krnl_prj
* Solution:       solution1 (Vivado IP Flow Target)
* Product family: virtexuplus
* Target device:  xcu280-fsvh2892-2L-e


================================================================
== Performance Estimates
================================================================
+ Timing: 
    * Summary: 
    +--------+---------+----------+------------+
    |  Clock |  Target | Estimated| Uncertainty|
    +--------+---------+----------+------------+
    |ap_clk  |  3.33 ns|  2.433 ns|     0.90 ns|
    +--------+---------+----------+------------+

+ Latency: 
    * Summary: 
    +---------+---------+----------+----------+-----+-----+---------+
    |  Latency (cycles) |  Latency (absolute) |  Interval | Pipeline|
    |   min   |   max   |    min   |    max   | min | max |   Type  |
    +---------+---------+----------+----------+-----+-----+---------+
    |      149|        ?|  0.497 us|         ?|  149|    ?|       no|
    +---------+---------+----------+----------+-----+-----+---------+

    + Detail: 
        * Instance: 
        N/A

        * Loop: 
        +---------------------+---------+---------+----------+-----------+-----------+-------+----------+
        |                     |  Latency (cycles) | Iteration|  Initiation Interval  |  Trip |          |
        |      Loop Name      |   min   |   max   |  Latency |  achieved |   target  | Count | Pipelined|
        +---------------------+---------+---------+----------+-----------+-----------+-------+----------+
        |- VITIS_LOOP_793_25  |      147|        ?|       148|        145|          1|  1 ~ ?|       yes|
        +---------------------+---------+---------+----------+-----------+-----------+-------+----------+



================================================================
== Utilization Estimates
================================================================
* Summary: 
+---------------------+---------+------+---------+---------+-----+
|         Name        | BRAM_18K|  DSP |    FF   |   LUT   | URAM|
+---------------------+---------+------+---------+---------+-----+
|DSP                  |        -|     -|        -|        -|    -|
|Expression           |        -|     -|        0|     7804|    -|
|FIFO                 |        -|     -|        -|        -|    -|
|Instance             |        -|     -|        -|        -|    -|
|Memory               |        -|     -|        -|        -|    -|
|Multiplexer          |        -|     -|        -|      957|    -|
|Register             |        -|     -|     4083|        -|    -|
+---------------------+---------+------+---------+---------+-----+
|Total                |        0|     0|     4083|     8761|    0|
+---------------------+---------+------+---------+---------+-----+
|Available SLR        |     1344|  3008|   869120|   434560|  320|
+---------------------+---------+------+---------+---------+-----+
|Utilization SLR (%)  |        0|     0|       ~0|        2|    0|
+---------------------+---------+------+---------+---------+-----+
|Available            |     4032|  9024|  2607360|  1303680|  960|
+---------------------+---------+------+---------+---------+-----+
|Utilization (%)      |        0|     0|       ~0|       ~0|    0|
+---------------------+---------+------+---------+---------+-----+

+ Detail: 
    * Instance: 
    N/A

    * DSP: 
    N/A

    * Memory: 
    N/A

    * FIFO: 
    N/A

    * Expression: 
    +------------------------------------+----------+----+---+------+------------+------------+
    |            Variable Name           | Operation| DSP| FF|  LUT | Bitwidth P0| Bitwidth P1|
    +------------------------------------+----------+----+---+------+------------+------------+
    |add_ln793_fu_311_p2                 |         +|   0|  0|    10|           3|           1|
    |add_ln795_1_fu_480_p2               |         +|   0|  0|    71|          64|          64|
    |add_ln795_2_fu_485_p2               |         +|   0|  0|    13|           6|           6|
    |add_ln795_fu_326_p2                 |         +|   0|  0|    10|           3|           3|
    |add_ln797_1_fu_354_p2               |         +|   0|  0|    39|          32|          32|
    |add_ln797_fu_349_p2                 |         +|   0|  0|    40|          33|          33|
    |add_ln800_1_fu_444_p2               |         +|   0|  0|    13|           6|           6|
    |add_ln800_fu_540_p2                 |         +|   0|  0|    71|          64|          64|
    |sub_ln795_fu_434_p2                 |         -|   0|  0|    46|          39|          39|
    |sub_ln800_fu_380_p2                 |         -|   0|  0|    46|          39|          39|
    |ap_block_pp0_stage1_11001           |       and|   0|  0|     2|           1|           1|
    |ap_block_pp0_stage4_11001           |       and|   0|  0|     2|           1|           1|
    |ap_block_pp0_stage74_11001          |       and|   0|  0|     2|           1|           1|
    |ap_block_pp0_stage75_11001          |       and|   0|  0|     2|           1|           1|
    |ap_block_pp0_stage76_11001          |       and|   0|  0|     2|           1|           1|
    |ap_block_pp0_stage77_11001          |       and|   0|  0|     2|           1|           1|
    |ap_block_pp0_stage78_11001          |       and|   0|  0|     2|           1|           1|
    |ap_block_pp0_stage79_11001          |       and|   0|  0|     2|           1|           1|
    |ap_block_pp0_stage80_11001          |       and|   0|  0|     2|           1|           1|
    |ap_block_state5_io                  |       and|   0|  0|     2|           1|           1|
    |ap_block_state75_pp0_stage74_iter0  |       and|   0|  0|     2|           1|           1|
    |ap_block_state76_pp0_stage75_iter0  |       and|   0|  0|     2|           1|           1|
    |ap_block_state77_io                 |       and|   0|  0|     2|           1|           1|
    |ap_block_state78_io                 |       and|   0|  0|     2|           1|           1|
    |ap_block_state81_io                 |       and|   0|  0|     2|           1|           1|
    |ap_condition_1681                   |       and|   0|  0|     2|           1|           1|
    |ap_condition_1685                   |       and|   0|  0|     2|           1|           1|
    |ap_condition_1689                   |       and|   0|  0|     2|           1|           1|
    |ap_condition_1693                   |       and|   0|  0|     2|           1|           1|
    |ap_predicate_op304_read_state76     |       and|   0|  0|     2|           1|           1|
    |ap_predicate_op336_write_state81    |       and|   0|  0|     2|           1|           1|
    |addr_cmp_fu_339_p2                  |      icmp|   0|  0|    29|          64|          64|
    |icmp_ln793_fu_306_p2                |      icmp|   0|  0|    19|          31|          31|
    |icmp_ln795_fu_489_p2                |      icmp|   0|  0|    10|           6|           4|
    |icmp_ln800_fu_661_p2                |      icmp|   0|  0|    10|           6|           4|
    |lshr_ln795_fu_606_p2                |      lshr|   0|  0|  2171|        1024|        1024|
    |ap_block_state79_io                 |        or|   0|  0|     2|           1|           1|
    |reuse_select_fu_403_p3              |    select|   0|  0|    32|           1|          32|
    |select_ln795_fu_505_p3              |    select|   0|  0|     2|           1|           2|
    |select_ln800_fu_666_p3              |    select|   0|  0|     2|           1|           2|
    |shl_ln796_1_fu_576_p2               |       shl|   0|  0|  2171|         416|         920|
    |shl_ln796_fu_517_p2                 |       shl|   0|  0|   391|          56|         119|
    |shl_ln800_2_fu_655_p2               |       shl|   0|  0|  2171|         952|         952|
    |shl_ln800_fu_452_p2                 |       shl|   0|  0|   391|          56|         119|
    |ap_enable_pp0                       |       xor|   0|  0|     2|           1|           2|
    +------------------------------------+----------+----+---+------+------------+------------+
    |Total                               |          |   0|  0|  7804|        2926|        3584|
    +------------------------------------+----------+----+---+------+------------+------------+

    * Multiplexer: 
    +-----------------------------+-----+-----------+-----+-----------+
    |             Name            | LUT | Input Size| Bits| Total Bits|
    +-----------------------------+-----+-----------+-----+-----------+
    |ap_NS_fsm                    |  769|        146|    1|        146|
    |ap_done_int                  |    9|          2|    1|          2|
    |ap_enable_reg_pp0_iter0      |    9|          2|    1|          2|
    |ap_enable_reg_pp0_iter0_reg  |    9|          2|    1|          2|
    |ap_enable_reg_pp0_iter1      |    9|          2|    1|          2|
    |gmem_blk_n_AR                |    9|          2|    1|          2|
    |gmem_blk_n_AW                |    9|          2|    1|          2|
    |gmem_blk_n_B                 |    9|          2|    1|          2|
    |gmem_blk_n_R                 |    9|          2|    1|          2|
    |gmem_blk_n_W                 |    9|          2|    1|          2|
    |i_fu_148                     |    9|          2|    3|          6|
    |m_axi_gmem_AWADDR            |   14|          3|   64|        192|
    |m_axi_gmem_AWLEN             |   14|          3|   32|         96|
    |m_axi_gmem_WDATA             |   26|          5|  512|       2560|
    |m_axi_gmem_WSTRB             |   26|          5|   64|        320|
    |reuse_addr_reg_fu_140        |    9|          2|   64|        128|
    |reuse_reg_fu_144             |    9|          2|   32|         64|
    +-----------------------------+-----+-----------+-----+-----------+
    |Total                        |  957|        186|  781|       3530|
    +-----------------------------+-----+-----------+-----+-----------+

    * Register: 
    +---------------------------------------+-----+----+-----+-----------+
    |                  Name                 |  FF | LUT| Bits| Const Bits|
    +---------------------------------------+-----+----+-----+-----------+
    |add_ln795_2_reg_827                    |    6|   0|    6|          0|
    |add_ln797_1_reg_786                    |   32|   0|   32|          0|
    |add_ln800_1_reg_811                    |    6|   0|    6|          0|
    |addr_cmp_reg_781                       |    1|   0|    1|          0|
    |ap_CS_fsm                              |  145|   0|  145|          0|
    |ap_done_reg                            |    1|   0|    1|          0|
    |ap_enable_reg_pp0_iter0_reg            |    1|   0|    1|          0|
    |ap_enable_reg_pp0_iter1                |    1|   0|    1|          0|
    |ap_phi_reg_pp0_iter0_empty_74_reg_269  |  512|   0|  512|          0|
    |gmem_addr_read_reg_884                 |  512|   0|  512|          0|
    |gmem_addr_reg_861                      |   64|   0|   64|          0|
    |i_fu_148                               |    3|   0|    3|          0|
    |icmp_ln793_reg_772                     |    1|   0|    1|          0|
    |icmp_ln795_reg_832                     |    1|   0|    1|          0|
    |icmp_ln800_reg_904                     |    1|   0|    1|          0|
    |reuse_addr_reg_fu_140                  |   64|   0|   64|          0|
    |reuse_reg_fu_144                       |   32|   0|   32|          0|
    |select_ln795_reg_841                   |    2|   0|   32|         30|
    |select_ln800_reg_908                   |    2|   0|   32|         30|
    |sext_ln797_cast_reg_767                |   33|   0|   33|          0|
    |shl_ln_reg_869                         |    6|   0|    9|          3|
    |sub_ln795_reg_801                      |   36|   0|   39|          3|
    |sub_ln800_reg_791                      |   36|   0|   39|          3|
    |tmp_10_reg_918                         |  440|   0|  440|          0|
    |tmp_6_reg_851                          |   55|   0|   55|          0|
    |tmp_7_reg_879                          |  408|   0|  408|          0|
    |tmp_8_reg_899                          |  352|   0|  352|          0|
    |tmp_9_reg_822                          |   55|   0|   55|          0|
    |tmp_reg_894                            |    1|   0|    1|          0|
    |trunc_ln2_reg_856                      |   58|   0|   58|          0|
    |trunc_ln795_reg_806                    |    3|   0|    6|          3|
    |trunc_ln796_1_reg_874                  |  512|   0|  512|          0|
    |trunc_ln796_reg_846                    |   64|   0|   64|          0|
    |trunc_ln800_1_reg_817                  |   64|   0|   64|          0|
    |trunc_ln800_2_reg_913                  |  512|   0|  512|          0|
    |trunc_ln800_reg_796                    |    3|   0|    6|          3|
    |trunc_ln_reg_836                       |   58|   0|   58|          0|
    +---------------------------------------+-----+----+-----+-----------+
    |Total                                  | 4083|   0| 4158|         75|
    +---------------------------------------+-----+----+-----+-----------+



================================================================
== Interface
================================================================
* Summary: 
+------------------------+-----+-----+------------+-------------------------------------------+--------------+
|        RTL Ports       | Dir | Bits|  Protocol  |               Source Object               |    C Type    |
+------------------------+-----+-----+------------+-------------------------------------------+--------------+
|ap_clk                  |   in|    1|  ap_ctrl_hs|  memory_manager_Pipeline_VITIS_LOOP_793_25|  return value|
|ap_rst                  |   in|    1|  ap_ctrl_hs|  memory_manager_Pipeline_VITIS_LOOP_793_25|  return value|
|ap_start                |   in|    1|  ap_ctrl_hs|  memory_manager_Pipeline_VITIS_LOOP_793_25|  return value|
|ap_done                 |  out|    1|  ap_ctrl_hs|  memory_manager_Pipeline_VITIS_LOOP_793_25|  return value|
|ap_idle                 |  out|    1|  ap_ctrl_hs|  memory_manager_Pipeline_VITIS_LOOP_793_25|  return value|
|ap_ready                |  out|    1|  ap_ctrl_hs|  memory_manager_Pipeline_VITIS_LOOP_793_25|  return value|
|m_axi_gmem_AWVALID      |  out|    1|       m_axi|                                       gmem|       pointer|
|m_axi_gmem_AWREADY      |   in|    1|       m_axi|                                       gmem|       pointer|
|m_axi_gmem_AWADDR       |  out|   64|       m_axi|                                       gmem|       pointer|
|m_axi_gmem_AWID         |  out|    1|       m_axi|                                       gmem|       pointer|
|m_axi_gmem_AWLEN        |  out|   32|       m_axi|                                       gmem|       pointer|
|m_axi_gmem_AWSIZE       |  out|    3|       m_axi|                                       gmem|       pointer|
|m_axi_gmem_AWBURST      |  out|    2|       m_axi|                                       gmem|       pointer|
|m_axi_gmem_AWLOCK       |  out|    2|       m_axi|                                       gmem|       pointer|
|m_axi_gmem_AWCACHE      |  out|    4|       m_axi|                                       gmem|       pointer|
|m_axi_gmem_AWPROT       |  out|    3|       m_axi|                                       gmem|       pointer|
|m_axi_gmem_AWQOS        |  out|    4|       m_axi|                                       gmem|       pointer|
|m_axi_gmem_AWREGION     |  out|    4|       m_axi|                                       gmem|       pointer|
|m_axi_gmem_AWUSER       |  out|    1|       m_axi|                                       gmem|       pointer|
|m_axi_gmem_WVALID       |  out|    1|       m_axi|                                       gmem|       pointer|
|m_axi_gmem_WREADY       |   in|    1|       m_axi|                                       gmem|       pointer|
|m_axi_gmem_WDATA        |  out|  512|       m_axi|                                       gmem|       pointer|
|m_axi_gmem_WSTRB        |  out|   64|       m_axi|                                       gmem|       pointer|
|m_axi_gmem_WLAST        |  out|    1|       m_axi|                                       gmem|       pointer|
|m_axi_gmem_WID          |  out|    1|       m_axi|                                       gmem|       pointer|
|m_axi_gmem_WUSER        |  out|    1|       m_axi|                                       gmem|       pointer|
|m_axi_gmem_ARVALID      |  out|    1|       m_axi|                                       gmem|       pointer|
|m_axi_gmem_ARREADY      |   in|    1|       m_axi|                                       gmem|       pointer|
|m_axi_gmem_ARADDR       |  out|   64|       m_axi|                                       gmem|       pointer|
|m_axi_gmem_ARID         |  out|    1|       m_axi|                                       gmem|       pointer|
|m_axi_gmem_ARLEN        |  out|   32|       m_axi|                                       gmem|       pointer|
|m_axi_gmem_ARSIZE       |  out|    3|       m_axi|                                       gmem|       pointer|
|m_axi_gmem_ARBURST      |  out|    2|       m_axi|                                       gmem|       pointer|
|m_axi_gmem_ARLOCK       |  out|    2|       m_axi|                                       gmem|       pointer|
|m_axi_gmem_ARCACHE      |  out|    4|       m_axi|                                       gmem|       pointer|
|m_axi_gmem_ARPROT       |  out|    3|       m_axi|                                       gmem|       pointer|
|m_axi_gmem_ARQOS        |  out|    4|       m_axi|                                       gmem|       pointer|
|m_axi_gmem_ARREGION     |  out|    4|       m_axi|                                       gmem|       pointer|
|m_axi_gmem_ARUSER       |  out|    1|       m_axi|                                       gmem|       pointer|
|m_axi_gmem_RVALID       |   in|    1|       m_axi|                                       gmem|       pointer|
|m_axi_gmem_RREADY       |  out|    1|       m_axi|                                       gmem|       pointer|
|m_axi_gmem_RDATA        |   in|  512|       m_axi|                                       gmem|       pointer|
|m_axi_gmem_RLAST        |   in|    1|       m_axi|                                       gmem|       pointer|
|m_axi_gmem_RID          |   in|    1|       m_axi|                                       gmem|       pointer|
|m_axi_gmem_RFIFONUM     |   in|    9|       m_axi|                                       gmem|       pointer|
|m_axi_gmem_RUSER        |   in|    1|       m_axi|                                       gmem|       pointer|
|m_axi_gmem_RRESP        |   in|    2|       m_axi|                                       gmem|       pointer|
|m_axi_gmem_BVALID       |   in|    1|       m_axi|                                       gmem|       pointer|
|m_axi_gmem_BREADY       |  out|    1|       m_axi|                                       gmem|       pointer|
|m_axi_gmem_BRESP        |   in|    2|       m_axi|                                       gmem|       pointer|
|m_axi_gmem_BID          |   in|    1|       m_axi|                                       gmem|       pointer|
|m_axi_gmem_BUSER        |   in|    1|       m_axi|                                       gmem|       pointer|
|trunc_ln797_1           |   in|   31|     ap_none|                              trunc_ln797_1|        scalar|
|sext_ln797              |   in|   32|     ap_none|                                 sext_ln797|        scalar|
|newNode_child_address0  |  out|    3|   ap_memory|                              newNode_child|         array|
|newNode_child_ce0       |  out|    1|   ap_memory|                              newNode_child|         array|
|newNode_child_we0       |  out|    1|   ap_memory|                              newNode_child|         array|
|newNode_child_d0        |  out|   32|   ap_memory|                              newNode_child|         array|
|or_ln797                |   in|   32|     ap_none|                                   or_ln797|        scalar|
|HBM_PTR                 |   in|   64|     ap_none|                                    HBM_PTR|        scalar|
|child_parent            |   in|   32|     ap_none|                               child_parent|        scalar|
|trunc_ln12              |   in|    6|     ap_none|                                 trunc_ln12|        scalar|
|trunc_ln16              |   in|    3|     ap_none|                                 trunc_ln16|        scalar|
|node_child_address0     |  out|    3|   ap_memory|                                 node_child|         array|
|node_child_ce0          |  out|    1|   ap_memory|                                 node_child|         array|
|node_child_we0          |  out|    1|   ap_memory|                                 node_child|         array|
|node_child_d0           |  out|   32|   ap_memory|                                 node_child|         array|
|node_child_q0           |   in|   32|   ap_memory|                                 node_child|         array|
+------------------------+-----+-----+------------+-------------------------------------------+--------------+

